#
# A fatal error has been detected by the Java Runtime Environment:
#
#  SIGSEGV (0xb) at pc=0x0000000123e71b7e, pid=565, tid=1811
#
# JRE version: Java(TM) SE Runtime Environment (8.0_25-b17) (build 1.8.0_25-b17)
# Java VM: Java HotSpot(TM) 64-Bit Server VM (25.25-b02 mixed mode bsd-amd64 compressed oops)
# Problematic frame:
# C  [libGPUSupport.dylib+0xcb7e]  gldAttachDrawable+0x60
#
# Failed to write core dump. Core dumps have been disabled. To enable core dumping, try "ulimit -c unlimited" before starting Java again
#
# If you would like to submit a bug report, please visit:
#   http://bugreport.sun.com/bugreport/crash.jsp
# The crash happened outside the Java Virtual Machine in native code.
# See problematic frame for where to report the bug.
#

---------------  T H R E A D  ---------------

Current thread (0x00007fbe5c846000):  JavaThread "AppKit Thread" daemon [_thread_in_native, id=1811, stack(0x00007fff5935d000,0x00007fff59b5d000)]

siginfo: si_signo: 11 (SIGSEGV), si_code: 0 (unknown), si_addr: 0x0000000000000000

Registers:
RAX=0xc000000000000000, RBX=0x000000000000271e, RCX=0x0000000000000000, RDX=0x00007fbe5d428bc8
RSP=0x00007fff59b558b0, RBP=0x00007fff59b559d0, RSI=0x0000000000000050, RDI=0x00007fff76d05070
R8 =0x00007fbe5e009e60, R9 =0x00007fbe5d800000, R10=0x000000000000003c, R11=0x0000000000000206
R12=0x0000000000002718, R13=0x00007fbe5b208400, R14=0x0000000000000050, R15=0x0000000000000000
RIP=0x0000000123e71b7e, EFLAGS=0x0000000000010212, ERR=0x0000000000000000
  TRAPNO=0x000000000000000d

Top of Stack: (sp=0x00007fff59b558b0)
0x00007fff59b558b0:   00007fff59b55a00 0000000000000000
0x00007fff59b558c0:   00007fff59b5593c 00007fff59b55940
0x00007fff59b558d0:   00007fff59b55944 00007fbe5ac60cf0
0x00007fff59b558e0:   ffffffffffffffff c000000000000000
0x00007fff59b558f0:   00007fbe5ac60d08 00007fff8611f69f
0x00007fff59b55900:   0000000000000000 0000000000017fb7
0x00007fff59b55910:   0000000300000003 00007fff59b55a58
0x00007fff59b55920:   00007fff59b559e4 0000000000017fb7
0x00007fff59b55930:   00007fff59b559dc 00007fff59b559e0
0x00007fff59b55940:   00007fff59b559c0 00007fff92585168
0x00007fff59b55950:   0000000000000000 0000000000000125
0x00007fff59b55960:   0000003400001200 0000040b00000000
0x00007fff59b55970:   00007fff59b559a0 00007fff9253503c
0x00007fff59b55980:   00007fff59b559d0 0000000000000125
0x00007fff59b55990:   0000000004273140 00000000391459dc
0x00007fff59b559a0:   570066300de81ca7 00007fbe5e000000
0x00007fff59b559b0:   0000000000002718 0000000000000000
0x00007fff59b559c0:   0000000000000050 0000000000000000
0x00007fff59b559d0:   00007fff59b55a20 00007fff8dd637e4
0x00007fff59b559e0:   00007fbe5e009e60 0000000000000000
0x00007fff59b559f0:   00007fbe5d428bc8 00007fbe5acd89a0
0x00007fff59b55a00:   0000000000000000 00007fbe5b971750
0x00007fff59b55a10:   00007fbe5b96f800 00007fff76d05070
0x00007fff59b55a20:   00007fff59b55b10 00007fff8bbe47ac
0x00007fff59b55a30:   4089000000000000 0000000000000000
0x00007fff59b55a40:   4037000000000000 4094000000000000
0x00007fff59b55a50:   4086280000000000 0000000000000000
0x00007fff59b55a60:   4036000000000000 4094000000000000
0x00007fff59b55a70:   4085780000000000 0000000000000000
0x00007fff59b55a80:   0000000000000000 0000000000000001
0x00007fff59b55a90:   00007fbe5d428bc8 0000000000000001
0x00007fff59b55aa0:   00007fff59b55b10 00007fff8bbe964c 

Instructions: (pc=0x0000000123e71b7e)
0x0000000123e71b5e:   48 85 d2 b8 01 00 00 00 bb 15 27 00 00 0f 44 d8
0x0000000123e71b6e:   e9 8b 01 00 00 49 8b 45 08 48 89 85 18 ff ff ff
0x0000000123e71b7e:   48 8b 00 48 89 85 10 ff ff ff 83 fe 4f 0f 8f f9
0x0000000123e71b8e:   00 00 00 48 89 d0 bb 15 27 00 00 83 fe 35 0f 84 

Register to memory mapping:

RAX=0xc000000000000000 is an unknown value
RBX=0x000000000000271e is an unknown value
RCX=0x0000000000000000 is an unknown value
RDX=0x00007fbe5d428bc8 is an unknown value
RSP=0x00007fff59b558b0 is pointing into the stack for thread: 0x00007fbe5c846000
RBP=0x00007fff59b559d0 is pointing into the stack for thread: 0x00007fbe5c846000
RSI=0x0000000000000050 is an unknown value
RDI=0x00007fff76d05070: __stack_chk_guard+0 in /usr/lib/system/libsystem_c.dylib at 0x00007fff8c2c0000
R8 =0x00007fbe5e009e60 is an unknown value
R9 =0x00007fbe5d800000 is an unknown value
R10=0x000000000000003c is an unknown value
R11=0x0000000000000206 is an unknown value
R12=0x0000000000002718 is an unknown value
R13=0x00007fbe5b208400 is an unknown value
R14=0x0000000000000050 is an unknown value
R15=0x0000000000000000 is an unknown value


Stack: [0x00007fff5935d000,0x00007fff59b5d000],  sp=0x00007fff59b558b0,  free space=8162k
Native frames: (J=compiled Java code, j=interpreted, Vv=VM code, C=native code)
C  [libGPUSupport.dylib+0xcb7e]  gldAttachDrawable+0x60
C  [GLEngine+0x167e4]  gliAttachDrawableWithOptions+0x101
C  [OpenGL+0x37ac]  glcGetIOAccelService+0xe03
C  [OpenGL+0x73f3]  CGLSetPBuffer+0xb90
C  [OpenGL+0x7716]  CGLSetSurface+0x124
C  [AppKit+0x57bfe7]  NSOpenGLContextAttachOnScreenViewSurface+0x109
C  [AppKit+0x2c67fb]  -[NSOpenGLContext setView:]+0x83
C  [liblwjgl.dylib+0x9f3e]  -[MacOSXOpenGLView lockFocus]+0x6e
C  [AppKit+0x14e8c5]  -[NSView _recursiveDisplayRectIfNeededIgnoringOpacity:isVisibleRect:rectIsVisibleRectForView:topView:]+0x740
C  [AppKit+0x14f920]  -[NSView _recursiveDisplayRectIfNeededIgnoringOpacity:isVisibleRect:rectIsVisibleRectForView:topView:]+0x179b
C  [AppKit+0x14dc73]  -[NSThemeFrame _recursiveDisplayRectIfNeededIgnoringOpacity:isVisibleRect:rectIsVisibleRectForView:topView:]+0x14d
C  [AppKit+0x14a7cb]  -[NSView _displayRectIgnoringOpacity:isVisibleRect:rectIsVisibleRectForView:]+0xac9
C  [AppKit+0x1291ca]  -[NSView displayIfNeeded]+0x754
C  [AppKit+0x1466c5]  -[NSWindow displayIfNeeded]+0xe8
C  [AppKit+0x1838c2]  _handleWindowNeedsDisplayOrLayoutOrUpdateConstraints+0x3a8
C  [Foundation+0x67023]  __NSFireTimer+0x5f
C  [CoreFoundation+0xb5b44]  __CFRUNLOOP_IS_CALLING_OUT_TO_A_TIMER_CALLBACK_FUNCTION__+0x14
C  [CoreFoundation+0xb57d3]  __CFRunLoopDoTimer+0x423
C  [CoreFoundation+0x128d9d]  __CFRunLoopDoTimers+0x12d
C  [CoreFoundation+0x72268]  __CFRunLoopRun+0x7e8
C  [CoreFoundation+0x71838]  CFRunLoopRunSpecific+0x128
C  [HIToolbox+0x2e43f]  RunCurrentEventLoopInMode+0xeb
C  [HIToolbox+0x2e1ba]  ReceiveNextEventCommon+0x1af
C  [HIToolbox+0x2dffb]  _BlockUntilNextEventMatchingListInModeWithFilter+0x47
C  [AppKit+0x24821]  _DPSNextEvent+0x3c4
C  [AppKit+0x23fd0]  -[NSApplication nextEventMatchingMask:untilDate:inMode:dequeue:]+0xc2
C  [libosxapp.dylib+0x242a]  -[NSApplicationAWT nextEventMatchingMask:untilDate:inMode:dequeue:]+0x7c
C  [AppKit+0x17f73]  -[NSApplication run]+0x252
C  [libosxapp.dylib+0x223e]  +[NSApplicationAWT runAWTLoopWithApp:]+0x9c
C  [libawt_lwawt.dylib+0x4494f]  -[AWTStarter starter:]+0x389
C  [Foundation+0x65f4c]  __NSThreadPerformPerform+0x125
C  [CoreFoundation+0x80661]  __CFRUNLOOP_IS_CALLING_OUT_TO_A_SOURCE0_PERFORM_FUNCTION__+0x11
C  [CoreFoundation+0x727ed]  __CFRunLoopDoSources0+0x10d
C  [CoreFoundation+0x71e1f]  __CFRunLoopRun+0x39f
C  [CoreFoundation+0x71838]  CFRunLoopRunSpecific+0x128
C  [java+0x56cc]  CreateExecutionEnvironment+0x367
C  [java+0x165c]  JLI_Launch+0x7a0
C  [java+0x768a]  main+0x65
C  [java+0xeb4]  start+0x34
C  0x0000000000000005


---------------  P R O C E S S  ---------------

Java Threads: ( => current thread )
  0x00007fbe5b1ef800 JavaThread "DestroyJavaVM" [_thread_blocked, id=4867, stack(0x000000010791d000,0x0000000107a1d000)]
  0x00007fbe5b18d000 JavaThread "LWJGL Application" [_thread_in_native, id=61959, stack(0x0000000123d63000,0x0000000123e63000)]
  0x00007fbe5b0d9000 JavaThread "AWT-Shutdown" [_thread_blocked, id=27923, stack(0x0000000120ee7000,0x0000000120fe7000)]
=>0x00007fbe5c846000 JavaThread "AppKit Thread" daemon [_thread_in_native, id=1811, stack(0x00007fff5935d000,0x00007fff59b5d000)]
  0x00007fbe5b070800 JavaThread "Service Thread" daemon [_thread_blocked, id=18179, stack(0x000000011f6f6000,0x000000011f7f6000)]
  0x00007fbe5b068000 JavaThread "C1 CompilerThread2" daemon [_thread_blocked, id=17667, stack(0x000000011f5f3000,0x000000011f6f3000)]
  0x00007fbe5b067000 JavaThread "C2 CompilerThread1" daemon [_thread_blocked, id=17155, stack(0x000000011f4f0000,0x000000011f5f0000)]
  0x00007fbe5b065800 JavaThread "C2 CompilerThread0" daemon [_thread_blocked, id=16643, stack(0x000000011f3ed000,0x000000011f4ed000)]
  0x00007fbe5b05e000 JavaThread "Signal Dispatcher" daemon [_thread_blocked, id=13335, stack(0x000000011f2ea000,0x000000011f3ea000)]
  0x00007fbe5b00d000 JavaThread "Finalizer" daemon [_thread_blocked, id=11523, stack(0x000000011d9a2000,0x000000011daa2000)]
  0x00007fbe5c013800 JavaThread "Reference Handler" daemon [_thread_blocked, id=11011, stack(0x000000011d89f000,0x000000011d99f000)]

Other Threads:
  0x00007fbe5c807800 VMThread [stack: 0x000000011d79c000,0x000000011d89c000] [id=10499]
  0x00007fbe5b03e000 WatcherThread [stack: 0x000000011f7f9000,0x000000011f8f9000] [id=18691]

VM state:not at safepoint (normal execution)

VM Mutex/Monitor currently owned by a thread: None

Heap:
 PSYoungGen      total 38400K, used 21182K [0x0000000795580000, 0x0000000798000000, 0x00000007c0000000)
  eden space 33280K, 63% used [0x0000000795580000,0x0000000796a2f8c0,0x0000000797600000)
  from space 5120K, 0% used [0x0000000797b00000,0x0000000797b00000,0x0000000798000000)
  to   space 5120K, 0% used [0x0000000797600000,0x0000000797600000,0x0000000797b00000)
 ParOldGen       total 87552K, used 0K [0x0000000740000000, 0x0000000745580000, 0x0000000795580000)
  object space 87552K, 0% used [0x0000000740000000,0x0000000740000000,0x0000000745580000)
 Metaspace       used 8518K, capacity 8613K, committed 8832K, reserved 1056768K
  class space    used 826K, capacity 853K, committed 896K, reserved 1048576K

Card table byte_map: [0x0000000116df0000,0x00000001171f1000] byte_map_base: 0x00000001133f0000

Marking Bits: (ParMarkBitMap*) 0x000000010729d390
 Begin Bits: [0x00000001178a8000, 0x00000001198a8000)
 End Bits:   [0x00000001198a8000, 0x000000011b8a8000)

Polling page: 0x00000001061fa000

CodeCache: size=245760Kb used=3261Kb max_used=3272Kb free=242498Kb
 bounds [0x0000000107a30000, 0x0000000107d70000, 0x0000000116a30000]
 total_blobs=1346 nmethods=871 adapters=390
 compilation: enabled

Compilation events (10 events):
Event: 2.439 Thread 0x00007fbe5b067000  866       4       com.badlogic.gdx.utils.Array::add (48 bytes)
Event: 2.441 Thread 0x00007fbe5b067000 nmethod 866 0x0000000107d568d0 code [0x0000000107d56a60, 0x0000000107d56be8]
Event: 2.457 Thread 0x00007fbe5b068000  867       3       java.util.HashMap::keySet (27 bytes)
Event: 2.458 Thread 0x00007fbe5b068000 nmethod 867 0x0000000107d5fc50 code [0x0000000107d5fde0, 0x0000000107d60190]
Event: 2.458 Thread 0x00007fbe5b068000  868       3       java.util.HashMap$KeySet::iterator (12 bytes)
Event: 2.458 Thread 0x00007fbe5b068000 nmethod 868 0x0000000107d56d50 code [0x0000000107d56ec0, 0x0000000107d57128]
Event: 2.474 Thread 0x00007fbe5b065800  869       4       com.badlogic.gdx.utils.NumberUtils::intToFloatColor (8 bytes)
Event: 2.475 Thread 0x00007fbe5b065800 nmethod 869 0x0000000107d0f750 code [0x0000000107d0f880, 0x0000000107d0f8d8]
Event: 2.491 Thread 0x00007fbe5b068000  870       3       com.badlogic.gdx.backends.lwjgl.LwjglGraphics::getWidth (23 bytes)
Event: 2.492 Thread 0x00007fbe5b068000 nmethod 870 0x0000000107d62650 code [0x0000000107d62820, 0x0000000107d62db8]

GC Heap History (0 events):
No events

Deoptimization events (0 events):
No events

Internal exceptions (10 events):
Event: 1.070 Thread 0x00007fbe5b18d000 Exception <a 'java/security/PrivilegedActionException'> (0x000000079688ca10) thrown at [/HUDSON3/workspace/8-2-build-macosx-x86_64/jdk8u25/1514/hotspot/src/share/vm/prims/jvm.cpp, line 1312]
Event: 1.093 Thread 0x00007fbe5b18d000 Exception <a 'java/security/PrivilegedActionException'> (0x000000079698dff0) thrown at [/HUDSON3/workspace/8-2-build-macosx-x86_64/jdk8u25/1514/hotspot/src/share/vm/prims/jvm.cpp, line 1312]
Event: 1.094 Thread 0x00007fbe5b18d000 Exception <a 'java/security/PrivilegedActionException'> (0x0000000796994da0) thrown at [/HUDSON3/workspace/8-2-build-macosx-x86_64/jdk8u25/1514/hotspot/src/share/vm/prims/jvm.cpp, line 1312]
Event: 1.095 Thread 0x00007fbe5b18d000 Exception <a 'java/security/PrivilegedActionException'> (0x000000079699b958) thrown at [/HUDSON3/workspace/8-2-build-macosx-x86_64/jdk8u25/1514/hotspot/src/share/vm/prims/jvm.cpp, line 1312]
Event: 1.097 Thread 0x00007fbe5b18d000 Exception <a 'java/security/PrivilegedActionException'> (0x00000007969a27d8) thrown at [/HUDSON3/workspace/8-2-build-macosx-x86_64/jdk8u25/1514/hotspot/src/share/vm/prims/jvm.cpp, line 1312]
Event: 1.105 Thread 0x00007fbe5b18d000 Exception <a 'java/security/PrivilegedActionException'> (0x00000007969aa0f0) thrown at [/HUDSON3/workspace/8-2-build-macosx-x86_64/jdk8u25/1514/hotspot/src/share/vm/prims/jvm.cpp, line 1312]
Event: 1.127 Thread 0x00007fbe5b18d000 Exception <a 'java/security/PrivilegedActionException'> (0x00000007969bf3d8) thrown at [/HUDSON3/workspace/8-2-build-macosx-x86_64/jdk8u25/1514/hotspot/src/share/vm/prims/jvm.cpp, line 1312]
Event: 1.139 Thread 0x00007fbe5b18d000 Exception <a 'java/security/PrivilegedActionException'> (0x00000007969ceeb0) thrown at [/HUDSON3/workspace/8-2-build-macosx-x86_64/jdk8u25/1514/hotspot/src/share/vm/prims/jvm.cpp, line 1312]
Event: 1.140 Thread 0x00007fbe5b18d000 Exception <a 'java/security/PrivilegedActionException'> (0x00000007969d65e8) thrown at [/HUDSON3/workspace/8-2-build-macosx-x86_64/jdk8u25/1514/hotspot/src/share/vm/prims/jvm.cpp, line 1312]
Event: 2.507 Thread 0x00007fbe5b18d000 Exception <a 'java/security/PrivilegedActionException'> (0x00000007969f19a8) thrown at [/HUDSON3/workspace/8-2-build-macosx-x86_64/jdk8u25/1514/hotspot/src/share/vm/prims/jvm.cpp, line 1312]

Events (10 events):
Event: 1.127 loading class org/lwjgl/opengl/GL13
Event: 1.127 loading class org/lwjgl/opengl/GL13 done
Event: 1.139 loading class org/lwjgl/opengl/Sync
Event: 1.139 loading class org/lwjgl/opengl/Sync done
Event: 1.140 loading class org/lwjgl/opengl/Sync$RunningAvg
Event: 1.140 loading class org/lwjgl/opengl/Sync$RunningAvg done
Event: 2.507 loading class com/badlogic/gdx/backends/lwjgl/LwjglApplication$2
Event: 2.507 loading class com/badlogic/gdx/backends/lwjgl/LwjglApplication$2 done
Event: 2.524 loading class org/lwjgl/opengl/CallbackUtil
Event: 2.524 loading class org/lwjgl/opengl/CallbackUtil done


Dynamic libraries:
0x0000000005fd5000 	/System/Library/Frameworks/Cocoa.framework/Versions/A/Cocoa
0x0000000005fd5000 	/System/Library/Frameworks/Security.framework/Versions/A/Security
0x0000000005fd5000 	/System/Library/Frameworks/ApplicationServices.framework/Versions/A/ApplicationServices
0x0000000005fd5000 	/usr/lib/libz.1.dylib
0x0000000005fd5000 	/usr/lib/libSystem.B.dylib
0x0000000005fd5000 	/usr/lib/libobjc.A.dylib
0x0000000005fd5000 	/System/Library/Frameworks/CoreFoundation.framework/Versions/A/CoreFoundation
0x0000000005fd5000 	/System/Library/Frameworks/Foundation.framework/Versions/C/Foundation
0x0000000005fd5000 	/System/Library/Frameworks/AppKit.framework/Versions/C/AppKit
0x0000000005fd5000 	/System/Library/Frameworks/CoreData.framework/Versions/A/CoreData
0x0000000005fd5000 	/System/Library/PrivateFrameworks/RemoteViewServices.framework/Versions/A/RemoteViewServices
0x0000000005fd5000 	/System/Library/PrivateFrameworks/UIFoundation.framework/Versions/A/UIFoundation
0x0000000005fd5000 	/System/Library/Frameworks/IOSurface.framework/Versions/A/IOSurface
0x0000000005fd5000 	/System/Library/Frameworks/AudioToolbox.framework/Versions/A/AudioToolbox
0x0000000005fd5000 	/System/Library/Frameworks/AudioUnit.framework/Versions/A/AudioUnit
0x0000000005fd5000 	/System/Library/PrivateFrameworks/DataDetectorsCore.framework/Versions/A/DataDetectorsCore
0x0000000005fd5000 	/System/Library/PrivateFrameworks/DesktopServicesPriv.framework/Versions/A/DesktopServicesPriv
0x0000000005fd5000 	/System/Library/Frameworks/Carbon.framework/Versions/A/Frameworks/HIToolbox.framework/Versions/A/HIToolbox
0x0000000005fd5000 	/System/Library/Frameworks/QuartzCore.framework/Versions/A/QuartzCore
0x0000000005fd5000 	/System/Library/Frameworks/Carbon.framework/Versions/A/Frameworks/SpeechRecognition.framework/Versions/A/SpeechRecognition
0x0000000005fd5000 	/usr/lib/libauto.dylib
0x0000000005fd5000 	/usr/lib/libicucore.A.dylib
0x0000000005fd5000 	/usr/lib/libxml2.2.dylib
0x0000000005fd5000 	/System/Library/PrivateFrameworks/CoreUI.framework/Versions/A/CoreUI
0x0000000005fd5000 	/System/Library/Frameworks/CoreAudio.framework/Versions/A/CoreAudio
0x0000000005fd5000 	/System/Library/Frameworks/DiskArbitration.framework/Versions/A/DiskArbitration
0x0000000005fd5000 	/usr/lib/liblangid.dylib
0x0000000005fd5000 	/System/Library/PrivateFrameworks/MultitouchSupport.framework/Versions/A/MultitouchSupport
0x0000000005fd5000 	/System/Library/Frameworks/IOKit.framework/Versions/A/IOKit
0x0000000005fd5000 	/usr/lib/libDiagnosticMessagesClient.dylib
0x0000000005fd5000 	/System/Library/Frameworks/CoreServices.framework/Versions/A/CoreServices
0x0000000005fd5000 	/System/Library/PrivateFrameworks/PerformanceAnalysis.framework/Versions/A/PerformanceAnalysis
0x0000000005fd5000 	/System/Library/PrivateFrameworks/GenerationalStorage.framework/Versions/A/GenerationalStorage
0x0000000005fd5000 	/System/Library/Frameworks/OpenGL.framework/Versions/A/OpenGL
0x0000000005fd5000 	/System/Library/PrivateFrameworks/Sharing.framework/Versions/A/Sharing
0x0000000005fd5000 	/System/Library/Frameworks/CoreGraphics.framework/Versions/A/CoreGraphics
0x0000000005fd5000 	/System/Library/Frameworks/CoreText.framework/Versions/A/CoreText
0x0000000005fd5000 	/System/Library/Frameworks/ImageIO.framework/Versions/A/ImageIO
0x0000000005fd5000 	/usr/lib/libextension.dylib
0x0000000005fd5000 	/System/Library/PrivateFrameworks/Backup.framework/Versions/A/Backup
0x0000000005fd5000 	/usr/lib/libarchive.2.dylib
0x0000000005fd5000 	/System/Library/Frameworks/CFNetwork.framework/Versions/A/CFNetwork
0x0000000005fd5000 	/System/Library/Frameworks/SystemConfiguration.framework/Versions/A/SystemConfiguration
0x0000000005fd5000 	/usr/lib/libCRFSuite.dylib
0x0000000005fd5000 	/usr/lib/libc++.1.dylib
0x0000000005fd5000 	/usr/lib/libc++abi.dylib
0x0000000005fd5000 	/usr/lib/system/libcache.dylib
0x0000000005fd5000 	/usr/lib/system/libcommonCrypto.dylib
0x0000000005fd5000 	/usr/lib/system/libcompiler_rt.dylib
0x0000000005fd5000 	/usr/lib/system/libcopyfile.dylib
0x0000000005fd5000 	/usr/lib/system/libcorecrypto.dylib
0x0000000005fd5000 	/usr/lib/system/libdispatch.dylib
0x0000000005fd5000 	/usr/lib/system/libdyld.dylib
0x0000000005fd5000 	/usr/lib/system/libkeymgr.dylib
0x0000000005fd5000 	/usr/lib/system/liblaunch.dylib
0x0000000005fd5000 	/usr/lib/system/libmacho.dylib
0x0000000005fd5000 	/usr/lib/system/libquarantine.dylib
0x0000000005fd5000 	/usr/lib/system/libremovefile.dylib
0x0000000005fd5000 	/usr/lib/system/libsystem_asl.dylib
0x0000000005fd5000 	/usr/lib/system/libsystem_blocks.dylib
0x0000000005fd5000 	/usr/lib/system/libsystem_c.dylib
0x0000000005fd5000 	/usr/lib/system/libsystem_configuration.dylib
0x0000000005fd5000 	/usr/lib/system/libsystem_coreservices.dylib
0x0000000005fd5000 	/usr/lib/system/libsystem_coretls.dylib
0x0000000005fd5000 	/usr/lib/system/libsystem_dnssd.dylib
0x0000000005fd5000 	/usr/lib/system/libsystem_info.dylib
0x0000000005fd5000 	/usr/lib/system/libsystem_kernel.dylib
0x0000000005fd5000 	/usr/lib/system/libsystem_m.dylib
0x0000000005fd5000 	/usr/lib/system/libsystem_malloc.dylib
0x0000000005fd5000 	/usr/lib/system/libsystem_network.dylib
0x0000000005fd5000 	/usr/lib/system/libsystem_networkextension.dylib
0x0000000005fd5000 	/usr/lib/system/libsystem_notify.dylib
0x0000000005fd5000 	/usr/lib/system/libsystem_platform.dylib
0x0000000005fd5000 	/usr/lib/system/libsystem_pthread.dylib
0x0000000005fd5000 	/usr/lib/system/libsystem_sandbox.dylib
0x0000000005fd5000 	/usr/lib/system/libsystem_secinit.dylib
0x0000000005fd5000 	/usr/lib/system/libsystem_stats.dylib
0x0000000005fd5000 	/usr/lib/system/libsystem_trace.dylib
0x0000000005fd5000 	/usr/lib/system/libunc.dylib
0x0000000005fd5000 	/usr/lib/system/libunwind.dylib
0x0000000005fd5000 	/usr/lib/system/libxpc.dylib
0x0000000005fd5000 	/usr/lib/libbz2.1.0.dylib
0x0000000005fd5000 	/usr/lib/liblzma.5.dylib
0x0000000005fd5000 	/usr/lib/libbsm.0.dylib
0x0000000005fd5000 	/usr/lib/libsqlite3.dylib
0x0000000005fd5000 	/usr/lib/system/libkxld.dylib
0x0000000005fd5000 	/usr/lib/libxar.1.dylib
0x0000000005fd5000 	/usr/lib/libpam.2.dylib
0x0000000005fd5000 	/usr/lib/libOpenScriptingUtil.dylib
0x0000000005fd5000 	/System/Library/Frameworks/CoreServices.framework/Versions/A/Frameworks/FSEvents.framework/Versions/A/FSEvents
0x0000000005fd5000 	/System/Library/Frameworks/CoreServices.framework/Versions/A/Frameworks/CarbonCore.framework/Versions/A/CarbonCore
0x0000000005fd5000 	/System/Library/Frameworks/CoreServices.framework/Versions/A/Frameworks/Metadata.framework/Versions/A/Metadata
0x0000000005fd5000 	/System/Library/Frameworks/CoreServices.framework/Versions/A/Frameworks/OSServices.framework/Versions/A/OSServices
0x0000000005fd5000 	/System/Library/Frameworks/CoreServices.framework/Versions/A/Frameworks/SearchKit.framework/Versions/A/SearchKit
0x0000000005fd5000 	/System/Library/Frameworks/CoreServices.framework/Versions/A/Frameworks/AE.framework/Versions/A/AE
0x0000000005fd5000 	/System/Library/Frameworks/CoreServices.framework/Versions/A/Frameworks/LaunchServices.framework/Versions/A/LaunchServices
0x0000000005fd5000 	/System/Library/Frameworks/CoreServices.framework/Versions/A/Frameworks/DictionaryServices.framework/Versions/A/DictionaryServices
0x0000000005fd5000 	/System/Library/Frameworks/NetFS.framework/Versions/A/NetFS
0x0000000005fd5000 	/System/Library/PrivateFrameworks/NetAuth.framework/Versions/A/NetAuth
0x0000000005fd5000 	/System/Library/PrivateFrameworks/login.framework/Versions/A/Frameworks/loginsupport.framework/Versions/A/loginsupport
0x0000000005fd5000 	/System/Library/PrivateFrameworks/TCC.framework/Versions/A/TCC
0x0000000005fd5000 	/usr/lib/libmecabra.dylib
0x0000000005fd5000 	/System/Library/PrivateFrameworks/LanguageModeling.framework/Versions/A/LanguageModeling
0x0000000005fd5000 	/usr/lib/libcmph.dylib
0x0000000005fd5000 	/usr/lib/libiconv.2.dylib
0x0000000005fd5000 	/System/Library/Frameworks/OpenDirectory.framework/Versions/A/Frameworks/CFOpenDirectory.framework/Versions/A/CFOpenDirectory
0x0000000005fd5000 	/System/Library/Frameworks/ServiceManagement.framework/Versions/A/ServiceManagement
0x0000000005fd5000 	/usr/lib/libxslt.1.dylib
0x0000000005fd5000 	/System/Library/Frameworks/Carbon.framework/Versions/A/Frameworks/Ink.framework/Versions/A/Ink
0x0000000005fd5000 	/System/Library/Frameworks/ApplicationServices.framework/Versions/A/Frameworks/ATS.framework/Versions/A/ATS
0x0000000005fd5000 	/System/Library/Frameworks/ApplicationServices.framework/Versions/A/Frameworks/ColorSync.framework/Versions/A/ColorSync
0x0000000005fd5000 	/System/Library/Frameworks/ApplicationServices.framework/Versions/A/Frameworks/HIServices.framework/Versions/A/HIServices
0x0000000005fd5000 	/System/Library/Frameworks/ApplicationServices.framework/Versions/A/Frameworks/LangAnalysis.framework/Versions/A/LangAnalysis
0x0000000005fd5000 	/System/Library/Frameworks/ApplicationServices.framework/Versions/A/Frameworks/PrintCore.framework/Versions/A/PrintCore
0x0000000005fd5000 	/System/Library/Frameworks/ApplicationServices.framework/Versions/A/Frameworks/QD.framework/Versions/A/QD
0x0000000005fd5000 	/System/Library/Frameworks/ApplicationServices.framework/Versions/A/Frameworks/SpeechSynthesis.framework/Versions/A/SpeechSynthesis
0x0000000005fd5000 	/System/Library/Frameworks/Accelerate.framework/Versions/A/Accelerate
0x0000000005fd5000 	/System/Library/Frameworks/Accelerate.framework/Versions/A/Frameworks/vImage.framework/Versions/A/vImage
0x0000000005fd5000 	/System/Library/Frameworks/Accelerate.framework/Versions/A/Frameworks/vecLib.framework/Versions/A/vecLib
0x0000000005fd5000 	/System/Library/Frameworks/Accelerate.framework/Versions/A/Frameworks/vecLib.framework/Versions/A/libvDSP.dylib
0x0000000005fd5000 	/System/Library/Frameworks/Accelerate.framework/Versions/A/Frameworks/vecLib.framework/Versions/A/libvMisc.dylib
0x0000000005fd5000 	/System/Library/Frameworks/Accelerate.framework/Versions/A/Frameworks/vecLib.framework/Versions/A/libLAPACK.dylib
0x0000000005fd5000 	/System/Library/Frameworks/Accelerate.framework/Versions/A/Frameworks/vecLib.framework/Versions/A/libBLAS.dylib
0x0000000005fd5000 	/System/Library/Frameworks/Accelerate.framework/Versions/A/Frameworks/vecLib.framework/Versions/A/libLinearAlgebra.dylib
0x0000000005fd5000 	/System/Library/Frameworks/ApplicationServices.framework/Versions/A/Frameworks/ATS.framework/Versions/A/Resources/libFontParser.dylib
0x0000000005fd5000 	/System/Library/Frameworks/ApplicationServices.framework/Versions/A/Frameworks/ATS.framework/Versions/A/Resources/libFontRegistry.dylib
0x0000000005fd5000 	/System/Library/PrivateFrameworks/AppleVPA.framework/Versions/A/AppleVPA
0x0000000005fd5000 	/System/Library/PrivateFrameworks/AppleJPEG.framework/Versions/A/AppleJPEG
0x0000000005fd5000 	/System/Library/Frameworks/ImageIO.framework/Versions/A/Resources/libJPEG.dylib
0x0000000005fd5000 	/System/Library/Frameworks/ImageIO.framework/Versions/A/Resources/libTIFF.dylib
0x0000000005fd5000 	/System/Library/Frameworks/ImageIO.framework/Versions/A/Resources/libPng.dylib
0x0000000005fd5000 	/System/Library/Frameworks/ImageIO.framework/Versions/A/Resources/libGIF.dylib
0x0000000005fd5000 	/System/Library/Frameworks/ImageIO.framework/Versions/A/Resources/libJP2.dylib
0x0000000005fd5000 	/System/Library/Frameworks/ImageIO.framework/Versions/A/Resources/libRadiance.dylib
0x0000000005fd5000 	/System/Library/Frameworks/CoreVideo.framework/Versions/A/CoreVideo
0x0000000005fd5000 	/System/Library/Frameworks/OpenGL.framework/Versions/A/Libraries/libGLU.dylib
0x0000000005fd5000 	/System/Library/Frameworks/OpenGL.framework/Versions/A/Libraries/libGFXShared.dylib
0x0000000005fd5000 	/System/Library/Frameworks/OpenGL.framework/Versions/A/Libraries/libGL.dylib
0x0000000005fd5000 	/System/Library/Frameworks/OpenGL.framework/Versions/A/Libraries/libGLImage.dylib
0x0000000005fd5000 	/System/Library/Frameworks/OpenGL.framework/Versions/A/Libraries/libCVMSPluginSupport.dylib
0x0000000005fd5000 	/System/Library/Frameworks/OpenGL.framework/Versions/A/Libraries/libCoreVMClient.dylib
0x0000000005fd5000 	/usr/lib/libcups.2.dylib
0x0000000005fd5000 	/System/Library/Frameworks/Kerberos.framework/Versions/A/Kerberos
0x0000000005fd5000 	/System/Library/Frameworks/GSS.framework/Versions/A/GSS
0x0000000005fd5000 	/usr/lib/libresolv.9.dylib
0x0000000005fd5000 	/System/Library/PrivateFrameworks/Heimdal.framework/Versions/A/Heimdal
0x0000000005fd5000 	/usr/lib/libheimdal-asn1.dylib
0x0000000005fd5000 	/System/Library/Frameworks/OpenDirectory.framework/Versions/A/OpenDirectory
0x0000000005fd5000 	/System/Library/PrivateFrameworks/CommonAuth.framework/Versions/A/CommonAuth
0x0000000005fd5000 	/System/Library/Frameworks/SecurityFoundation.framework/Versions/A/SecurityFoundation
0x0000000005fd5000 	/System/Library/Frameworks/QuartzCore.framework/Versions/A/Frameworks/CoreImage.framework/Versions/A/CoreImage
0x0000000005fd5000 	/System/Library/PrivateFrameworks/CrashReporterSupport.framework/Versions/A/CrashReporterSupport
0x0000000005fd5000 	/System/Library/Frameworks/OpenCL.framework/Versions/A/OpenCL
0x0000000005fd5000 	/System/Library/PrivateFrameworks/FaceCore.framework/Versions/A/FaceCore
0x0000000005fd5000 	/System/Library/PrivateFrameworks/Ubiquity.framework/Versions/A/Ubiquity
0x0000000005fd5000 	/System/Library/PrivateFrameworks/IconServices.framework/Versions/A/IconServices
0x0000000005fd5000 	/System/Library/PrivateFrameworks/ChunkingLibrary.framework/Versions/A/ChunkingLibrary
0x0000000005fd5000 	/System/Library/PrivateFrameworks/Apple80211.framework/Versions/A/Apple80211
0x0000000005fd5000 	/System/Library/Frameworks/CoreWLAN.framework/Versions/A/CoreWLAN
0x0000000005fd5000 	/System/Library/Frameworks/IOBluetooth.framework/Versions/A/IOBluetooth
0x0000000005fd5000 	/System/Library/PrivateFrameworks/CoreWiFi.framework/Versions/A/CoreWiFi
0x0000000005fd5000 	/System/Library/Frameworks/CoreBluetooth.framework/Versions/A/CoreBluetooth
0x0000000005fd5000 	/System/Library/PrivateFrameworks/DebugSymbols.framework/Versions/A/DebugSymbols
0x0000000005fd5000 	/System/Library/PrivateFrameworks/CoreSymbolication.framework/Versions/A/CoreSymbolication
0x0000000005fd5000 	/System/Library/PrivateFrameworks/Symbolication.framework/Versions/A/Symbolication
0x0000000005fd5000 	/System/Library/PrivateFrameworks/SpeechRecognitionCore.framework/Versions/A/SpeechRecognitionCore
0x0000000106a00000 	/Library/Java/JavaVirtualMachines/jdk1.8.0_25.jdk/Contents/Home/jre/lib/server/libjvm.dylib
0x0000000005fd5000 	/usr/lib/libstdc++.6.dylib
0x00000001061b8000 	/Library/Java/JavaVirtualMachines/jdk1.8.0_25.jdk/Contents/Home/jre/lib/libverify.dylib
0x00000001061c6000 	/Library/Java/JavaVirtualMachines/jdk1.8.0_25.jdk/Contents/Home/jre/lib/libjava.dylib
0x0000000107a27000 	/Library/Java/JavaVirtualMachines/jdk1.8.0_25.jdk/Contents/Home/jre/lib/libzip.dylib
0x000000011daa4000 	/System/Library/Frameworks/JavaVM.framework/Frameworks/JavaRuntimeSupport.framework/JavaRuntimeSupport
0x000000011dabc000 	/System/Library/Frameworks/JavaVM.framework/Versions/A/Frameworks/JavaNativeFoundation.framework/Versions/A/JavaNativeFoundation
0x000000011dad1000 	/System/Library/Frameworks/JavaVM.framework/Versions/A/JavaVM
0x0000000005fd5000 	/System/Library/Frameworks/Carbon.framework/Versions/A/Carbon
0x000000011dade000 	/System/Library/PrivateFrameworks/JavaLaunching.framework/Versions/A/JavaLaunching
0x0000000005fd5000 	/System/Library/Frameworks/Carbon.framework/Versions/A/Frameworks/CommonPanels.framework/Versions/A/CommonPanels
0x0000000005fd5000 	/System/Library/Frameworks/Carbon.framework/Versions/A/Frameworks/Help.framework/Versions/A/Help
0x0000000005fd5000 	/System/Library/Frameworks/Carbon.framework/Versions/A/Frameworks/ImageCapture.framework/Versions/A/ImageCapture
0x0000000005fd5000 	/System/Library/Frameworks/Carbon.framework/Versions/A/Frameworks/OpenScripting.framework/Versions/A/OpenScripting
0x0000000005fd5000 	/System/Library/Frameworks/Carbon.framework/Versions/A/Frameworks/Print.framework/Versions/A/Print
0x0000000005fd5000 	/System/Library/Frameworks/Carbon.framework/Versions/A/Frameworks/SecurityHI.framework/Versions/A/SecurityHI
0x000000011f99d000 	/private/var/folders/4g/9f_zjmrd3kq_47kfhwmt79x00000gn/T/libgdxbillzo/6d38a68b/libgdx64.dylib
0x000000011f9e5000 	/Library/Java/JavaVirtualMachines/jdk1.8.0_25.jdk/Contents/Home/jre/lib/libawt.dylib
0x000000011fa94000 	/Library/Java/JavaVirtualMachines/jdk1.8.0_25.jdk/Contents/Home/jre/lib/./libmlib_image.dylib
0x000000011fb60000 	/Library/Java/JavaVirtualMachines/jdk1.8.0_25.jdk/Contents/Home/jre/lib/libawt_lwawt.dylib
0x000000011fc13000 	/Library/Java/JavaVirtualMachines/jdk1.8.0_25.jdk/Contents/Home/jre/lib/./libosxapp.dylib
0x0000000005fd5000 	/System/Library/Frameworks/ExceptionHandling.framework/Versions/A/ExceptionHandling
0x0000000005fd5000 	/System/Library/PrivateFrameworks/CoreServicesInternal.framework/Versions/A/CoreServicesInternal
0x0000000005fd5000 	/System/Library/PrivateFrameworks/CloudDocs.framework/Versions/A/CloudDocs
0x0000000005fd5000 	/System/Library/PrivateFrameworks/CoreDuet.framework/Versions/A/CoreDuet
0x0000000005fd5000 	/System/Library/Frameworks/CloudKit.framework/Versions/A/CloudKit
0x0000000005fd5000 	/System/Library/PrivateFrameworks/ProtocolBuffer.framework/Versions/A/ProtocolBuffer
0x0000000005fd5000 	/System/Library/PrivateFrameworks/CoreDuetDaemonProtocol.framework/Versions/A/CoreDuetDaemonProtocol
0x0000000005fd5000 	/System/Library/PrivateFrameworks/CoreDuetDebugLogging.framework/Versions/A/CoreDuetDebugLogging
0x0000000005fd5000 	/System/Library/Frameworks/CoreLocation.framework/Versions/A/CoreLocation
0x0000000005fd5000 	/System/Library/Frameworks/Accounts.framework/Versions/A/Accounts
0x0000000005fd5000 	/System/Library/PrivateFrameworks/ApplePushService.framework/Versions/A/ApplePushService
0x0000000005fd5000 	/System/Library/PrivateFrameworks/GeoServices.framework/Versions/A/GeoServices
0x0000000005fd5000 	/System/Library/PrivateFrameworks/OAuth.framework/Versions/A/OAuth
0x0000000005fd5000 	/System/Library/PrivateFrameworks/CoreDaemon.framework/Versions/B/CoreDaemon
0x0000000005fd5000 	/usr/lib/libcrypto.0.9.8.dylib
0x0000000005fd5000 	/System/Library/PrivateFrameworks/AppleSRP.framework/Versions/A/AppleSRP
0x0000000005fd5000 	/System/Library/PrivateFrameworks/TrustEvaluationAgent.framework/Versions/A/TrustEvaluationAgent
0x0000000005fd5000 	/System/Library/Frameworks/CoreGraphics.framework/Versions/A/Resources/libCGCMS.A.dylib
0x0000000005fd5000 	/System/Library/Frameworks/CoreGraphics.framework/Versions/A/Resources/libRIP.A.dylib
0x0000000005fd5000 	/System/Library/Frameworks/CoreGraphics.framework/Versions/A/Resources/libCGXType.A.dylib
0x0000000005fd5000 	/System/Library/Frameworks/OpenCL.framework/Versions/A/Libraries/libcldcpuengine.dylib
0x0000000005fd5000 	/System/Library/PrivateFrameworks/DiskImages.framework/Versions/A/DiskImages
0x0000000005fd5000 	/System/Library/Frameworks/DiscRecording.framework/Versions/A/DiscRecording
0x0000000005fd5000 	/usr/lib/libcsfde.dylib
0x0000000005fd5000 	/usr/lib/libcurl.4.dylib
0x0000000005fd5000 	/System/Library/PrivateFrameworks/MediaKit.framework/Versions/A/MediaKit
0x0000000005fd5000 	/System/Library/PrivateFrameworks/ProtectedCloudStorage.framework/Versions/A/ProtectedCloudStorage
0x0000000005fd5000 	/usr/lib/libCoreStorage.dylib
0x0000000005fd5000 	/System/Library/PrivateFrameworks/EFILogin.framework/Versions/A/EFILogin
0x0000000005fd5000 	/usr/lib/libutil.dylib
0x0000000005fd5000 	/System/Library/PrivateFrameworks/FindMyDevice.framework/Versions/A/FindMyDevice
0x0000000005fd5000 	/System/Library/Frameworks/LDAP.framework/Versions/A/LDAP
0x0000000005fd5000 	/usr/lib/libsasl2.2.dylib
0x0000000122661000 	cl_kernels
0x0000000122663000 	/System/Library/Frameworks/OpenCL.framework/Versions/A/Libraries/ImageFormats/unorm8_bgra.dylib
0x0000000122652000 	cl_kernels
0x0000000005fd5000 	/System/Library/PrivateFrameworks/FamilyControls.framework/Versions/A/FamilyControls
0x0000000005fd5000 	/System/Library/PrivateFrameworks/CommerceKit.framework/Versions/A/Frameworks/CommerceCore.framework/Versions/A/CommerceCore
0x0000000005fd5000 	/System/Library/PrivateFrameworks/SystemAdministration.framework/Versions/A/SystemAdministration
0x0000000005fd5000 	/System/Library/PrivateFrameworks/AppContainer.framework/Versions/A/AppContainer
0x0000000005fd5000 	/System/Library/PrivateFrameworks/SecCodeWrapper.framework/Versions/A/SecCodeWrapper
0x0000000005fd5000 	/System/Library/Frameworks/DirectoryService.framework/Versions/A/DirectoryService
0x0000000005fd5000 	/System/Library/PrivateFrameworks/LoginUIKit.framework/Versions/A/Frameworks/LoginUICore.framework/Versions/A/LoginUICore
0x0000000005fd5000 	/usr/lib/libodfde.dylib
0x00000001238a9000 	/Library/Java/JavaVirtualMachines/jdk1.8.0_25.jdk/Contents/Home/jre/lib/libfontmanager.dylib
0x0000000123910000 	/private/var/folders/4g/9f_zjmrd3kq_47kfhwmt79x00000gn/T/libgdxbillzo/45614fc1/liblwjgl.dylib
0x0000000121b93000 	/Library/Java/JavaVirtualMachines/jdk1.8.0_25.jdk/Contents/Home/jre/lib/libjawt.dylib
0x000000012398f000 	/var/folders/4g/9f_zjmrd3kq_47kfhwmt79x00000gn/T/libgdxbillzo/45614fc1/openal.dylib
0x00000001239fe000 	/System/Library/Components/CoreAudio.component/Contents/MacOS/CoreAudio
0x0000000121bab000 	/System/Library/Extensions/AppleHDA.kext/Contents/PlugIns/AppleHDAHALPlugIn.bundle/Contents/MacOS/AppleHDAHALPlugIn
0x0000000005fd5000 	/System/Library/Frameworks/OpenGL.framework/Versions/A/Resources/GLEngine.bundle/GLEngine
0x0000000005fd5000 	/System/Library/Frameworks/OpenGL.framework/Versions/A/Libraries/libGLProgrammability.dylib
0x0000000000000000 	/System/Library/Extensions/AppleIntelHD3000GraphicsGLDriver.bundle/Contents/MacOS/AppleIntelHD3000GraphicsGLDriver
0x0000000123e65000 	/System/Library/PrivateFrameworks/GPUSupport.framework/Versions/A/Libraries/libGPUSupport.dylib
0x0000000005fd5000 	/System/Library/Frameworks/OpenGL.framework/Versions/A/Resources/GLRendererFloat.bundle/GLRendererFloat
0x00000001247b5000 	/private/var/folders/4g/9f_zjmrd3kq_47kfhwmt79x00000gn/T/libgdxbillzo/a214b354/libgdx-box2d64.dylib

VM Arguments:
jvm_args: -Dfile.encoding=UTF-8 
java_command: com.killercerealgames.test.desktop.DesktopLauncher
java_class_path (initial): /Users/billzo/git/Engine-Test/desktop/bin:/Users/billzo/git/Engine-Test/core/bin:/Users/billzo/.gradle/caches/modules-2/files-2.1/com.badlogicgames.ashley/ashley/1.3.1/43aed4ac92b8cce24e92a3836eb5ac916026b49f/ashley-1.3.1.jar:/Users/billzo/.gradle/caches/modules-2/files-2.1/com.badlogicgames.box2dlights/box2dlights/1.3/e829c3543ab5a6b3ff818615a8620024f6a14fe0/box2dlights-1.3.jar:/Users/billzo/.gradle/caches/modules-2/files-2.1/com.badlogicgames.gdx/gdx-ai/1.4.0/f7532801d6c1526df4a609341fa145acb9e8eb3a/gdx-ai-1.4.0.jar:/Users/billzo/.gradle/caches/modules-2/files-2.1/com.badlogicgames.gdx/gdx-box2d/1.4.1/9e6453d244896698694a7f3059f15ae509044101/gdx-box2d-1.4.1.jar:/Users/billzo/.gradle/caches/modules-2/files-2.1/com.badlogicgames.gdx/gdx-controllers/1.4.1/70b356b52bac1cb0fd19b530e0e1ddac5776ab21/gdx-controllers-1.4.1.jar:/Users/billzo/.gradle/caches/modules-2/files-2.1/com.badlogicgames.gdx/gdx-freetype/1.4.1/5f54c6af55fa98e8dc469809e952c980e07541a/gdx-freetype-1.4.1.jar:/Users/billzo/.gradle/caches/modules-2/files-2.1/com.badlogicgames.gdx/gdx/1.4.1/df470d263438048af74860ca51fc497c16a0c76a/gdx-1.4.1.jar:/Users/billzo/git/RubeLoader/RubeLoader/bin:/Users/billzo/git/RubeLoader/RubeLoader/libs/gdx-1.1.0.jar:/Users/billzo/git/RubeLoader/RubeLoader/libs/gdx-box2d-1.1.0.jar:/Users/billzo/.gradle/caches/modules-2/files-2.1/com.badlogicgames.gdx/gdx-backend-lwjgl/1.4.1/f31a8b9a0b7955fadf25ff3b77f1824b3927d4ed/gdx-backend-lwjgl-1.4.1.jar:/Users/billzo/.gradle/caches/modules-2/files-2.1/com.badlogicgames.gdx/gdx-box2d-platform/1.4.1/f5d0058176f459375361fadf3a0b3d9f6f852a37/gdx-box2d-platform-1.4.1-natives-desktop.jar:/Users/billzo/.gradle/caches/modules-2/files-2.1/com.badlogicgames.gdx/gdx-controllers-desktop/1.4.1/4a1a3e2e92934fa51374d63fee2021d5df3d6900/gdx-controllers-desktop-1.4.1.jar:/Users/billzo/.gradle/caches/modules-2/files-2.1/com.badlogicgames.gdx/gdx-controllers-platform/1.4.1/247bec46796040579a639ef3d4851cb24f0dfe62/gdx-controllers-p
Launcher Type: SUN_STANDARD

Environment Variables:
PATH=/usr/bin:/bin:/usr/sbin:/sbin
SHELL=/bin/bash
DISPLAY=/private/tmp/com.apple.launchd.MmwqlXgFlx/org.macosforge.xquartz:0

Signal Handlers:
SIGSEGV: [libjvm.dylib+0x579dc7], sa_mask[0]=11111111011111110111111111111111, sa_flags=SA_ONSTACK|SA_RESTART|SA_SIGINFO
SIGBUS: [libjvm.dylib+0x579dc7], sa_mask[0]=11111111011111110111111111111111, sa_flags=SA_RESTART|SA_SIGINFO
SIGFPE: [libjvm.dylib+0x45b030], sa_mask[0]=11111111011111110111111111111111, sa_flags=SA_RESTART|SA_SIGINFO
SIGPIPE: [libjvm.dylib+0x45b030], sa_mask[0]=11111111011111110111111111111111, sa_flags=SA_RESTART|SA_SIGINFO
SIGXFSZ: [libjvm.dylib+0x45b030], sa_mask[0]=11111111011111110111111111111111, sa_flags=SA_RESTART|SA_SIGINFO
SIGILL: [libjvm.dylib+0x45b030], sa_mask[0]=11111111011111110111111111111111, sa_flags=SA_RESTART|SA_SIGINFO
SIGUSR1: SIG_DFL, sa_mask[0]=00000000000000000000000000000000, sa_flags=none
SIGUSR2: [libjvm.dylib+0x45ab4e], sa_mask[0]=00100000000000000000000000000000, sa_flags=SA_RESTART|SA_SIGINFO
SIGHUP: [libjvm.dylib+0x459121], sa_mask[0]=11111111011111110111111111111111, sa_flags=SA_RESTART|SA_SIGINFO
SIGINT: [libjvm.dylib+0x459121], sa_mask[0]=11111111011111110111111111111111, sa_flags=SA_RESTART|SA_SIGINFO
SIGTERM: [libjvm.dylib+0x459121], sa_mask[0]=11111111011111110111111111111111, sa_flags=SA_RESTART|SA_SIGINFO
SIGQUIT: [libjvm.dylib+0x459121], sa_mask[0]=11111111011111110111111111111111, sa_flags=SA_RESTART|SA_SIGINFO


---------------  S Y S T E M  ---------------

OS:Bsduname:Darwin 14.0.0 Darwin Kernel Version 14.0.0: Fri Sep 19 00:26:44 PDT 2014; root:xnu-2782.1.97~2/RELEASE_X86_64 x86_64
rlimit: STACK 8192k, CORE 0k, NPROC 709, NOFILE 10240, AS infinity
load average:1.21 3.08 2.75

CPU:total 4 (2 cores per cpu, 2 threads per core) family 6 model 42 stepping 7, cmov, cx8, fxsr, mmx, sse, sse2, sse3, ssse3, sse4.1, sse4.2, popcnt, avx, aes, clmul, ht, tsc, tscinvbit

Memory: 4k page, physical 8388608k(4173356k free)

/proc/meminfo:


vm_info: Java HotSpot(TM) 64-Bit Server VM (25.25-b02) for bsd-amd64 JRE (1.8.0_25-b17), built on Sep 17 2014 16:56:50 by "java_re" with gcc 4.2.1 (Based on Apple Inc. build 5658) (LLVM build 2336.11.00)

time: Sun Nov 16 16:49:46 2014
elapsed time: 2 seconds (0d 0h 0m 2s)

