#
# A fatal error has been detected by the Java Runtime Environment:
#
#  SIGSEGV (0xb) at pc=0x00007fff86c2c0dd, pid=1042, tid=1811
#
# JRE version: Java(TM) SE Runtime Environment (8.0_25-b17) (build 1.8.0_25-b17)
# Java VM: Java HotSpot(TM) 64-Bit Server VM (25.25-b02 mixed mode bsd-amd64 compressed oops)
# Problematic frame:
# C  [libobjc.A.dylib+0x10dd]  objc_msgSend+0x1d
#
# Failed to write core dump. Core dumps have been disabled. To enable core dumping, try "ulimit -c unlimited" before starting Java again
#
# If you would like to submit a bug report, please visit:
#   http://bugreport.sun.com/bugreport/crash.jsp
# The crash happened outside the Java Virtual Machine in native code.
# See problematic frame for where to report the bug.
#

---------------  T H R E A D  ---------------

Current thread (0x00007fe0010ad800):  JavaThread "AppKit Thread" daemon [_thread_in_native, id=1811, stack(0x00007fff5f394000,0x00007fff5fb94000)]

siginfo: si_signo: 11 (SIGSEGV), si_code: 1 (SEGV_MAPERR), si_addr: 0x000007fe000cc600

Registers:
RAX=0x00007fe000cc6420, RBX=0x00007fff5fb8e768, RCX=0x0000000000000000, RDX=0x00007fe003323a60
RSP=0x00007fff5fb8e588, RBP=0x00007fff5fb8e590, RSI=0x00007fff8a049be4, RDI=0x00007fe000cc6420
R8 =0x00007fff5fb8e570, R9 =0x0000000000000061, R10=0x00007fff8a049be4, R11=0x000007fe000cc5e8
R12=0x00007fe000e01cb0, R13=0x00000000000f42ed, R14=0x00007fe000f9e840, R15=0x00007fff5fb8e6c8
RIP=0x00007fff86c2c0dd, EFLAGS=0x0000000000010206, ERR=0x0000000000000004
  TRAPNO=0x000000000000000e

Top of Stack: (sp=0x00007fff5fb8e588)
0x00007fff5fb8e588:   00007fff8bec9cbc 00007fff5fb8e8f0
0x00007fff5fb8e598:   00007fff8bdbb1b4 ff80000000001002
0x00007fff5fb8e5a8:   00007fff5fb8e760 00007fff5fb8e700
0x00007fff5fb8e5b8:   0000000000000001 00007fe003318470
0x00007fff5fb8e5c8:   0000000000000918 000000017640c301
0x00007fff5fb8e5d8:   00007fe000f9e840 0000000000000000
0x00007fff5fb8e5e8:   00007fff5fb8e6c0 0000000000000000
0x00007fff5fb8e5f8:   00007fe000cca210 00007fff5fb8e740
0x00007fff5fb8e608:   0000000000000061 00000000000f4302
0x00007fff5fb8e618:   00007fe003323a60 00007fe000ccb300
0x00007fff5fb8e628:   00007fe000e01cb0 0000000000000001
0x00007fff5fb8e638:   00000000000f42ed 00007fe000e01ca0
0x00007fff5fb8e648:   000000000000ffff 00007fff5fb8e7a0
0x00007fff5fb8e658:   0000000000000000 0000000000000000
0x00007fff5fb8e668:   0000000000000040 0000000100086000
0x00007fff5fb8e678:   0000000000000040 00007fff5fb8e6b0
0x00007fff5fb8e688:   00007fff916c1877 0000000000000040
0x00007fff5fb8e698:   0000000000000021 00061e03916c1877
0x00007fff5fb8e6a8:   00007fe000e01cd4 0000000000000000
0x00007fff5fb8e6b8:   00007fe003318470 00007fe000cca290
0x00007fff5fb8e6c8:   00007fe000f9e840 6ba09b956fc5ddcb
0x00007fff5fb8e6d8:   00007fff5fb8e8e8 00007fe000f8e300
0x00007fff5fb8e6e8:   000000000000002b 0000000100089a00
0x00007fff5fb8e6f8:   0000000000000000 0000000100086000
0x00007fff5fb8e708:   0000000000000000 0000000000000003
0x00007fff5fb8e718:   000000010008ae00 00007fff5fb8e810
0x00007fff5fb8e728:   00007fff916c22a2 0000000000000029
0x00007fff5fb8e738:   0000000000000000 0000000000000058
0x00007fff5fb8e748:   0000000000000000 00000000000f42e5
0x00007fff5fb8e758:   000000000000005c 0000000000000000
0x00007fff5fb8e768:   00000000000f42ed 00007fff5fb8e7e4
0x00007fff5fb8e778:   0000000000001400 00000000ffffffff 

Instructions: (pc=0x00007fff86c2c0dd)
0x00007fff86c2c0bd:   00 00 00 48 85 ff 2e 74 7a 40 f6 c7 01 2e 75 7e
0x00007fff86c2c0cd:   49 bb f8 ff ff ff ff 7f 00 00 4c 23 1f 49 89 f2
0x00007fff86c2c0dd:   45 23 53 18 49 c1 e2 04 4d 03 53 10 49 3b 32 75
0x00007fff86c2c0ed:   04 41 ff 62 08 49 83 3a 00 74 6a 4d 3b 53 10 74 

Register to memory mapping:

RAX=0x00007fe000cc6420 is an unknown value
RBX=0x00007fff5fb8e768 is pointing into the stack for thread: 0x00007fe0010ad800
RCX=0x0000000000000000 is an unknown value
RDX=0x00007fe003323a60 is an unknown value
RSP=0x00007fff5fb8e588 is pointing into the stack for thread: 0x00007fe0010ad800
RBP=0x00007fff5fb8e590 is pointing into the stack for thread: 0x00007fe0010ad800
RSI=0x00007fff8a049be4: -[NSTitlebarContainerView shouldRoundCorners]+0x5c646 in /System/Library/Frameworks/AppKit.framework/Versions/C/AppKit at 0x00007fff89680000
RDI=0x00007fe000cc6420 is an unknown value
R8 =0x00007fff5fb8e570 is pointing into the stack for thread: 0x00007fe0010ad800
R9 =0x0000000000000061 is an unknown value
R10=0x00007fff8a049be4: -[NSTitlebarContainerView shouldRoundCorners]+0x5c646 in /System/Library/Frameworks/AppKit.framework/Versions/C/AppKit at 0x00007fff89680000
R11=0x000007fe000cc5e8 is an unknown value
R12=0x00007fe000e01cb0 is an unknown value
R13=0x00000000000f42ed is an unknown value
R14=0x00007fe000f9e840 is an unknown value
R15=0x00007fff5fb8e6c8 is pointing into the stack for thread: 0x00007fe0010ad800


Stack: [0x00007fff5f394000,0x00007fff5fb94000],  sp=0x00007fff5fb8e588,  free space=8169k
Native frames: (J=compiled Java code, j=interpreted, Vv=VM code, C=native code)
C  [libobjc.A.dylib+0x10dd]  objc_msgSend+0x1d
C  [CoreFoundation+0x101b4]  _CFXNotificationPost+0xc44
C  [Foundation+0x2ea1]  -[NSNotificationCenter postNotificationName:object:userInfo:]+0x42
C  [AppKit+0xddb36]  -[NSSurface _disposeSurface]+0x98
C  [CoreFoundation+0x11ecbc]  __CFNOTIFICATIONCENTER_IS_CALLING_OUT_TO_AN_OBSERVER__+0xc
C  [CoreFoundation+0x101b4]  _CFXNotificationPost+0xc44
C  [Foundation+0x2ea1]  -[NSNotificationCenter postNotificationName:object:userInfo:]+0x42
C  [AppKit+0x23c557]  __18-[NSWindow _close]_block_invoke+0x2dc
C  [AppKit+0x23c245]  -[NSWindow _close]+0x16b
C  [liblwjgl.dylib+0x9c4e]  +[MacOSXKeyableWindow destroyWindow]+0xee
C  [Foundation+0x65f4c]  __NSThreadPerformPerform+0x125
C  [CoreFoundation+0x80661]  __CFRUNLOOP_IS_CALLING_OUT_TO_A_SOURCE0_PERFORM_FUNCTION__+0x11
C  [CoreFoundation+0x727ed]  __CFRunLoopDoSources0+0x10d
C  [CoreFoundation+0x71e1f]  __CFRunLoopRun+0x39f
C  [CoreFoundation+0x71838]  CFRunLoopRunSpecific+0x128
C  [HIToolbox+0x2e43f]  RunCurrentEventLoopInMode+0xeb
C  [HIToolbox+0x2e1ba]  ReceiveNextEventCommon+0x1af
C  [HIToolbox+0x2dffb]  _BlockUntilNextEventMatchingListInModeWithFilter+0x47
C  [AppKit+0x246d1]  _DPSNextEvent+0x3c4
C  [AppKit+0x23e80]  -[NSApplication nextEventMatchingMask:untilDate:inMode:dequeue:]+0xc2
C  [libosxapp.dylib+0x242a]  -[NSApplicationAWT nextEventMatchingMask:untilDate:inMode:dequeue:]+0x7c
C  [AppKit+0x17e23]  -[NSApplication run]+0x252
C  [libosxapp.dylib+0x223e]  +[NSApplicationAWT runAWTLoopWithApp:]+0x9c
C  [libawt_lwawt.dylib+0x4494f]  -[AWTStarter starter:]+0x389
C  [Foundation+0x65f4c]  __NSThreadPerformPerform+0x125
C  [CoreFoundation+0x80661]  __CFRUNLOOP_IS_CALLING_OUT_TO_A_SOURCE0_PERFORM_FUNCTION__+0x11
C  [CoreFoundation+0x727ed]  __CFRunLoopDoSources0+0x10d
C  [CoreFoundation+0x71e1f]  __CFRunLoopRun+0x39f
C  [CoreFoundation+0x71838]  CFRunLoopRunSpecific+0x128
C  [java+0x56cc]  CreateExecutionEnvironment+0x367
C  [java+0x165c]  JLI_Launch+0x7a0
C  [java+0x768a]  main+0x65
C  [java+0xeb4]  start+0x34
C  0x0000000000000005


---------------  P R O C E S S  ---------------

Java Threads: ( => current thread )
  0x00007fe002139800 JavaThread "DestroyJavaVM" [_thread_blocked, id=4867, stack(0x000000010191d000,0x0000000101a1d000)]
  0x00007fe002989800 JavaThread "LWJGL Application" [_thread_in_native, id=62727, stack(0x000000011dd6e000,0x000000011de6e000)]
  0x00007fe002119800 JavaThread "AWT-Shutdown" [_thread_blocked, id=28435, stack(0x000000011af3e000,0x000000011b03e000)]
=>0x00007fe0010ad800 JavaThread "AppKit Thread" daemon [_thread_in_native, id=1811, stack(0x00007fff5f394000,0x00007fff5fb94000)]
  0x00007fe001059800 JavaThread "Service Thread" daemon [_thread_blocked, id=18179, stack(0x00000001196bf000,0x00000001197bf000)]
  0x00007fe00202c800 JavaThread "C1 CompilerThread2" daemon [_thread_blocked, id=17667, stack(0x00000001195bc000,0x00000001196bc000)]
  0x00007fe00202b800 JavaThread "C2 CompilerThread1" daemon [_thread_blocked, id=17155, stack(0x00000001194b9000,0x00000001195b9000)]
  0x00007fe002012000 JavaThread "C2 CompilerThread0" daemon [_thread_blocked, id=16643, stack(0x00000001193b6000,0x00000001194b6000)]
  0x00007fe00281b800 JavaThread "Signal Dispatcher" daemon [_thread_blocked, id=13583, stack(0x00000001192b3000,0x00000001193b3000)]
  0x00007fe001056000 JavaThread "Finalizer" daemon [_thread_blocked, id=11523, stack(0x0000000117969000,0x0000000117a69000)]
  0x00007fe00101f000 JavaThread "Reference Handler" daemon [_thread_blocked, id=11011, stack(0x0000000117866000,0x0000000117966000)]

Other Threads:
  0x00007fe00200d000 VMThread [stack: 0x0000000117763000,0x0000000117863000] [id=10499]
  0x00007fe00105a800 WatcherThread [stack: 0x00000001197c2000,0x00000001198c2000] [id=18691]

VM state:not at safepoint (normal execution)

VM Mutex/Monitor currently owned by a thread: None

Heap:
 PSYoungGen      total 38400K, used 11531K [0x0000000795580000, 0x0000000798000000, 0x00000007c0000000)
  eden space 33280K, 19% used [0x0000000795580000,0x0000000795bc9588,0x0000000797600000)
  from space 5120K, 99% used [0x0000000797600000,0x0000000797af9750,0x0000000797b00000)
  to   space 5120K, 0% used [0x0000000797b00000,0x0000000797b00000,0x0000000798000000)
 ParOldGen       total 87552K, used 1344K [0x0000000740000000, 0x0000000745580000, 0x0000000795580000)
  object space 87552K, 1% used [0x0000000740000000,0x0000000740150188,0x0000000745580000)
 Metaspace       used 11445K, capacity 11605K, committed 11776K, reserved 1060864K
  class space    used 1111K, capacity 1183K, committed 1280K, reserved 1048576K

Card table byte_map: [0x0000000110ddf000,0x00000001111e0000] byte_map_base: 0x000000010d3df000

Marking Bits: (ParMarkBitMap*) 0x000000010129d390
 Begin Bits: [0x0000000111897000, 0x0000000113897000)
 End Bits:   [0x0000000113897000, 0x0000000115897000)

Polling page: 0x00000001001c3000

CodeCache: size=245760Kb used=6866Kb max_used=6877Kb free=238893Kb
 bounds [0x0000000101a1f000, 0x00000001020df000, 0x0000000110a1f000]
 total_blobs=2284 nmethods=1774 adapters=424
 compilation: enabled

Compilation events (10 events):
Event: 49.296 Thread 0x00007fe00202c800 1770       3       java.nio.Bits::makeLong (77 bytes)
Event: 49.297 Thread 0x00007fe00202c800 nmethod 1770 0x00000001020d1490 code [0x00000001020d15e0, 0x00000001020d17b0]
Event: 49.696 Thread 0x00007fe00202c800 1771       3       java.nio.Bits::makeInt (29 bytes)
Event: 49.697 Thread 0x00007fe00202c800 nmethod 1771 0x00000001020d1150 code [0x00000001020d12a0, 0x00000001020d13f0]
Event: 50.115 Thread 0x00007fe00202c800 1772       3       com.badlogic.gdx.utils.Array::removeValue (99 bytes)
Event: 50.116 Thread 0x00007fe00202c800 nmethod 1772 0x00000001020c7190 code [0x00000001020c7360, 0x00000001020c79e8]
Event: 50.116 Thread 0x00007fe00202b800 1773 %     4       com.badlogic.gdx.utils.Array::removeValue @ 22 (99 bytes)
Event: 50.121 Thread 0x00007fe00202b800 nmethod 1773% 0x00000001020c6b90 code [0x00000001020c6d00, 0x00000001020c7008]
Event: 50.135 Thread 0x00007fe002012000 1774       4       java.nio.DirectByteBuffer::put (18 bytes)
Event: 50.135 Thread 0x00007fe002012000 nmethod 1774 0x00000001020d9050 code [0x00000001020d91a0, 0x00000001020d9238]

GC Heap History (2 events):
Event: 16.741 GC heap before
{Heap before GC invocations=1 (full 0):
 PSYoungGen      total 38400K, used 33280K [0x0000000795580000, 0x0000000798000000, 0x00000007c0000000)
  eden space 33280K, 100% used [0x0000000795580000,0x0000000797600000,0x0000000797600000)
  from space 5120K, 0% used [0x0000000797b00000,0x0000000797b00000,0x0000000798000000)
  to   space 5120K, 0% used [0x0000000797600000,0x0000000797600000,0x0000000797b00000)
 ParOldGen       total 87552K, used 0K [0x0000000740000000, 0x0000000745580000, 0x0000000795580000)
  object space 87552K, 0% used [0x0000000740000000,0x0000000740000000,0x0000000745580000)
 Metaspace       used 11349K, capacity 11535K, committed 11776K, reserved 1060864K
  class space    used 1109K, capacity 1182K, committed 1280K, reserved 1048576K
Event: 16.753 GC heap after
Heap after GC invocations=1 (full 0):
 PSYoungGen      total 38400K, used 5093K [0x0000000795580000, 0x0000000798000000, 0x00000007c0000000)
  eden space 33280K, 0% used [0x0000000795580000,0x0000000795580000,0x0000000797600000)
  from space 5120K, 99% used [0x0000000797600000,0x0000000797af9750,0x0000000797b00000)
  to   space 5120K, 0% used [0x0000000797b00000,0x0000000797b00000,0x0000000798000000)
 ParOldGen       total 87552K, used 1344K [0x0000000740000000, 0x0000000745580000, 0x0000000795580000)
  object space 87552K, 1% used [0x0000000740000000,0x0000000740150188,0x0000000745580000)
 Metaspace       used 11349K, capacity 11535K, committed 11776K, reserved 1060864K
  class space    used 1109K, capacity 1182K, committed 1280K, reserved 1048576K
}

Deoptimization events (4 events):
Event: 48.479 Thread 0x00007fe002989800 Uncommon trap: reason=class_check action=maybe_recompile pc=0x00000001020c4108 method=java.lang.reflect.Array.newInstance(Ljava/lang/Class;I)Ljava/lang/Object; @ 2
Event: 48.479 Thread 0x00007fe002989800 Uncommon trap: reason=class_check action=maybe_recompile pc=0x00000001020c4108 method=java.lang.reflect.Array.newInstance(Ljava/lang/Class;I)Ljava/lang/Object; @ 2
Event: 48.479 Thread 0x00007fe002989800 Uncommon trap: reason=class_check action=maybe_recompile pc=0x00000001020c4108 method=java.lang.reflect.Array.newInstance(Ljava/lang/Class;I)Ljava/lang/Object; @ 2
Event: 48.479 Thread 0x00007fe002989800 Uncommon trap: reason=class_check action=maybe_recompile pc=0x00000001020c4108 method=java.lang.reflect.Array.newInstance(Ljava/lang/Class;I)Ljava/lang/Object; @ 2

Internal exceptions (10 events):
Event: 1.365 Thread 0x00007fe002989800 Exception <a 'java/security/PrivilegedActionException'> (0x00000007974229b8) thrown at [/HUDSON3/workspace/8-2-build-macosx-x86_64/jdk8u25/1514/hotspot/src/share/vm/prims/jvm.cpp, line 1312]
Event: 1.395 Thread 0x00007fe002989800 Exception <a 'java/security/PrivilegedActionException'> (0x0000000797437d18) thrown at [/HUDSON3/workspace/8-2-build-macosx-x86_64/jdk8u25/1514/hotspot/src/share/vm/prims/jvm.cpp, line 1312]
Event: 1.406 Thread 0x00007fe002989800 Exception <a 'java/security/PrivilegedActionException'> (0x0000000797447dc0) thrown at [/HUDSON3/workspace/8-2-build-macosx-x86_64/jdk8u25/1514/hotspot/src/share/vm/prims/jvm.cpp, line 1312]
Event: 1.407 Thread 0x00007fe002989800 Exception <a 'java/security/PrivilegedActionException'> (0x000000079744e978) thrown at [/HUDSON3/workspace/8-2-build-macosx-x86_64/jdk8u25/1514/hotspot/src/share/vm/prims/jvm.cpp, line 1312]
Event: 1.408 Thread 0x00007fe002989800 Exception <a 'java/security/PrivilegedActionException'> (0x0000000797455148) thrown at [/HUDSON3/workspace/8-2-build-macosx-x86_64/jdk8u25/1514/hotspot/src/share/vm/prims/jvm.cpp, line 1312]
Event: 1.409 Thread 0x00007fe002989800 Exception <a 'java/security/PrivilegedActionException'> (0x000000079745c960) thrown at [/HUDSON3/workspace/8-2-build-macosx-x86_64/jdk8u25/1514/hotspot/src/share/vm/prims/jvm.cpp, line 1312]
Event: 13.200 Thread 0x00007fe002989800 Exception <a 'java/security/PrivilegedActionException'> (0x0000000797555958) thrown at [/HUDSON3/workspace/8-2-build-macosx-x86_64/jdk8u25/1514/hotspot/src/share/vm/prims/jvm.cpp, line 1312]
Event: 48.677 Thread 0x00007fe002989800 Exception <a 'java/security/PrivilegedActionException'> (0x0000000795b0ada8) thrown at [/HUDSON3/workspace/8-2-build-macosx-x86_64/jdk8u25/1514/hotspot/src/share/vm/prims/jvm.cpp, line 1312]
Event: 50.113 Thread 0x00007fe002989800 Exception <a 'java/security/PrivilegedActionException'> (0x0000000795b29a70) thrown at [/HUDSON3/workspace/8-2-build-macosx-x86_64/jdk8u25/1514/hotspot/src/share/vm/prims/jvm.cpp, line 1312]
Event: 50.133 Thread 0x00007fe002989800 Exception <a 'java/security/PrivilegedActionException'> (0x0000000795b3a278) thrown at [/HUDSON3/workspace/8-2-build-macosx-x86_64/jdk8u25/1514/hotspot/src/share/vm/prims/jvm.cpp, line 1312]

Events (10 events):
Event: 48.479 Thread 0x00007fe002989800 DEOPT UNPACKING pc=0x0000000101a23f69 sp=0x000000011de6c678 mode 2
Event: 48.479 Thread 0x00007fe002989800 Uncommon trap: trap_request=0xffffffde fr.pc=0x00000001020c4108
Event: 48.479 Thread 0x00007fe002989800 DEOPT PACKING pc=0x00000001020c4108 sp=0x000000011de6c780
Event: 48.479 Thread 0x00007fe002989800 DEOPT UNPACKING pc=0x0000000101a23f69 sp=0x000000011de6c678 mode 2
Event: 48.677 loading class com/badlogic/gdx/backends/lwjgl/LwjglInput$TouchEvent
Event: 48.677 loading class com/badlogic/gdx/backends/lwjgl/LwjglInput$TouchEvent done
Event: 50.112 loading class com/badlogic/gdx/backends/lwjgl/LwjglApplication$2
Event: 50.112 loading class com/badlogic/gdx/backends/lwjgl/LwjglApplication$2 done
Event: 50.133 loading class org/lwjgl/opengl/CallbackUtil
Event: 50.133 loading class org/lwjgl/opengl/CallbackUtil done


Dynamic libraries:
0x0000000005467000 	/System/Library/Frameworks/Cocoa.framework/Versions/A/Cocoa
0x0000000005467000 	/System/Library/Frameworks/Security.framework/Versions/A/Security
0x0000000005467000 	/System/Library/Frameworks/ApplicationServices.framework/Versions/A/ApplicationServices
0x0000000005467000 	/usr/lib/libz.1.dylib
0x0000000005467000 	/usr/lib/libSystem.B.dylib
0x0000000005467000 	/usr/lib/libobjc.A.dylib
0x0000000005467000 	/System/Library/Frameworks/CoreFoundation.framework/Versions/A/CoreFoundation
0x0000000005467000 	/System/Library/Frameworks/Foundation.framework/Versions/C/Foundation
0x0000000005467000 	/System/Library/Frameworks/AppKit.framework/Versions/C/AppKit
0x0000000005467000 	/System/Library/Frameworks/CoreData.framework/Versions/A/CoreData
0x0000000005467000 	/System/Library/PrivateFrameworks/RemoteViewServices.framework/Versions/A/RemoteViewServices
0x0000000005467000 	/System/Library/PrivateFrameworks/UIFoundation.framework/Versions/A/UIFoundation
0x0000000005467000 	/System/Library/Frameworks/IOSurface.framework/Versions/A/IOSurface
0x0000000005467000 	/System/Library/Frameworks/AudioToolbox.framework/Versions/A/AudioToolbox
0x0000000005467000 	/System/Library/Frameworks/AudioUnit.framework/Versions/A/AudioUnit
0x0000000005467000 	/System/Library/PrivateFrameworks/DataDetectorsCore.framework/Versions/A/DataDetectorsCore
0x0000000005467000 	/System/Library/PrivateFrameworks/DesktopServicesPriv.framework/Versions/A/DesktopServicesPriv
0x0000000005467000 	/System/Library/Frameworks/Carbon.framework/Versions/A/Frameworks/HIToolbox.framework/Versions/A/HIToolbox
0x0000000005467000 	/System/Library/Frameworks/QuartzCore.framework/Versions/A/QuartzCore
0x0000000005467000 	/System/Library/Frameworks/Carbon.framework/Versions/A/Frameworks/SpeechRecognition.framework/Versions/A/SpeechRecognition
0x0000000005467000 	/usr/lib/libauto.dylib
0x0000000005467000 	/usr/lib/libicucore.A.dylib
0x0000000005467000 	/usr/lib/libxml2.2.dylib
0x0000000005467000 	/System/Library/PrivateFrameworks/CoreUI.framework/Versions/A/CoreUI
0x0000000005467000 	/System/Library/Frameworks/CoreAudio.framework/Versions/A/CoreAudio
0x0000000005467000 	/System/Library/Frameworks/DiskArbitration.framework/Versions/A/DiskArbitration
0x0000000005467000 	/usr/lib/liblangid.dylib
0x0000000005467000 	/System/Library/PrivateFrameworks/MultitouchSupport.framework/Versions/A/MultitouchSupport
0x0000000005467000 	/System/Library/Frameworks/IOKit.framework/Versions/A/IOKit
0x0000000005467000 	/usr/lib/libDiagnosticMessagesClient.dylib
0x0000000005467000 	/System/Library/Frameworks/CoreServices.framework/Versions/A/CoreServices
0x0000000005467000 	/System/Library/PrivateFrameworks/PerformanceAnalysis.framework/Versions/A/PerformanceAnalysis
0x0000000005467000 	/System/Library/PrivateFrameworks/GenerationalStorage.framework/Versions/A/GenerationalStorage
0x0000000005467000 	/System/Library/Frameworks/OpenGL.framework/Versions/A/OpenGL
0x0000000005467000 	/System/Library/PrivateFrameworks/Sharing.framework/Versions/A/Sharing
0x0000000005467000 	/System/Library/Frameworks/CoreGraphics.framework/Versions/A/CoreGraphics
0x0000000005467000 	/System/Library/Frameworks/CoreText.framework/Versions/A/CoreText
0x0000000005467000 	/System/Library/Frameworks/ImageIO.framework/Versions/A/ImageIO
0x0000000005467000 	/usr/lib/libextension.dylib
0x0000000005467000 	/System/Library/PrivateFrameworks/Backup.framework/Versions/A/Backup
0x0000000005467000 	/usr/lib/libarchive.2.dylib
0x0000000005467000 	/System/Library/Frameworks/CFNetwork.framework/Versions/A/CFNetwork
0x0000000005467000 	/System/Library/Frameworks/SystemConfiguration.framework/Versions/A/SystemConfiguration
0x0000000005467000 	/usr/lib/libCRFSuite.dylib
0x0000000005467000 	/usr/lib/libc++.1.dylib
0x0000000005467000 	/usr/lib/libc++abi.dylib
0x0000000005467000 	/usr/lib/system/libcache.dylib
0x0000000005467000 	/usr/lib/system/libcommonCrypto.dylib
0x0000000005467000 	/usr/lib/system/libcompiler_rt.dylib
0x0000000005467000 	/usr/lib/system/libcopyfile.dylib
0x0000000005467000 	/usr/lib/system/libcorecrypto.dylib
0x0000000005467000 	/usr/lib/system/libdispatch.dylib
0x0000000005467000 	/usr/lib/system/libdyld.dylib
0x0000000005467000 	/usr/lib/system/libkeymgr.dylib
0x0000000005467000 	/usr/lib/system/liblaunch.dylib
0x0000000005467000 	/usr/lib/system/libmacho.dylib
0x0000000005467000 	/usr/lib/system/libquarantine.dylib
0x0000000005467000 	/usr/lib/system/libremovefile.dylib
0x0000000005467000 	/usr/lib/system/libsystem_asl.dylib
0x0000000005467000 	/usr/lib/system/libsystem_blocks.dylib
0x0000000005467000 	/usr/lib/system/libsystem_c.dylib
0x0000000005467000 	/usr/lib/system/libsystem_configuration.dylib
0x0000000005467000 	/usr/lib/system/libsystem_coreservices.dylib
0x0000000005467000 	/usr/lib/system/libsystem_coretls.dylib
0x0000000005467000 	/usr/lib/system/libsystem_dnssd.dylib
0x0000000005467000 	/usr/lib/system/libsystem_info.dylib
0x0000000005467000 	/usr/lib/system/libsystem_kernel.dylib
0x0000000005467000 	/usr/lib/system/libsystem_m.dylib
0x0000000005467000 	/usr/lib/system/libsystem_malloc.dylib
0x0000000005467000 	/usr/lib/system/libsystem_network.dylib
0x0000000005467000 	/usr/lib/system/libsystem_networkextension.dylib
0x0000000005467000 	/usr/lib/system/libsystem_notify.dylib
0x0000000005467000 	/usr/lib/system/libsystem_platform.dylib
0x0000000005467000 	/usr/lib/system/libsystem_pthread.dylib
0x0000000005467000 	/usr/lib/system/libsystem_sandbox.dylib
0x0000000005467000 	/usr/lib/system/libsystem_secinit.dylib
0x0000000005467000 	/usr/lib/system/libsystem_stats.dylib
0x0000000005467000 	/usr/lib/system/libsystem_trace.dylib
0x0000000005467000 	/usr/lib/system/libunc.dylib
0x0000000005467000 	/usr/lib/system/libunwind.dylib
0x0000000005467000 	/usr/lib/system/libxpc.dylib
0x0000000005467000 	/usr/lib/libbz2.1.0.dylib
0x0000000005467000 	/usr/lib/liblzma.5.dylib
0x0000000005467000 	/usr/lib/libbsm.0.dylib
0x0000000005467000 	/usr/lib/libsqlite3.dylib
0x0000000005467000 	/usr/lib/system/libkxld.dylib
0x0000000005467000 	/usr/lib/libxar.1.dylib
0x0000000005467000 	/usr/lib/libpam.2.dylib
0x0000000005467000 	/usr/lib/libOpenScriptingUtil.dylib
0x0000000005467000 	/System/Library/Frameworks/CoreServices.framework/Versions/A/Frameworks/FSEvents.framework/Versions/A/FSEvents
0x0000000005467000 	/System/Library/Frameworks/CoreServices.framework/Versions/A/Frameworks/CarbonCore.framework/Versions/A/CarbonCore
0x0000000005467000 	/System/Library/Frameworks/CoreServices.framework/Versions/A/Frameworks/Metadata.framework/Versions/A/Metadata
0x0000000005467000 	/System/Library/Frameworks/CoreServices.framework/Versions/A/Frameworks/OSServices.framework/Versions/A/OSServices
0x0000000005467000 	/System/Library/Frameworks/CoreServices.framework/Versions/A/Frameworks/SearchKit.framework/Versions/A/SearchKit
0x0000000005467000 	/System/Library/Frameworks/CoreServices.framework/Versions/A/Frameworks/AE.framework/Versions/A/AE
0x0000000005467000 	/System/Library/Frameworks/CoreServices.framework/Versions/A/Frameworks/LaunchServices.framework/Versions/A/LaunchServices
0x0000000005467000 	/System/Library/Frameworks/CoreServices.framework/Versions/A/Frameworks/DictionaryServices.framework/Versions/A/DictionaryServices
0x0000000005467000 	/System/Library/Frameworks/NetFS.framework/Versions/A/NetFS
0x0000000005467000 	/System/Library/PrivateFrameworks/NetAuth.framework/Versions/A/NetAuth
0x0000000005467000 	/System/Library/PrivateFrameworks/login.framework/Versions/A/Frameworks/loginsupport.framework/Versions/A/loginsupport
0x0000000005467000 	/System/Library/PrivateFrameworks/TCC.framework/Versions/A/TCC
0x0000000005467000 	/usr/lib/libmecabra.dylib
0x0000000005467000 	/System/Library/PrivateFrameworks/LanguageModeling.framework/Versions/A/LanguageModeling
0x0000000005467000 	/usr/lib/libcmph.dylib
0x0000000005467000 	/usr/lib/libiconv.2.dylib
0x0000000005467000 	/System/Library/Frameworks/OpenDirectory.framework/Versions/A/Frameworks/CFOpenDirectory.framework/Versions/A/CFOpenDirectory
0x0000000005467000 	/System/Library/Frameworks/ServiceManagement.framework/Versions/A/ServiceManagement
0x0000000005467000 	/usr/lib/libxslt.1.dylib
0x0000000005467000 	/System/Library/Frameworks/Carbon.framework/Versions/A/Frameworks/Ink.framework/Versions/A/Ink
0x0000000005467000 	/System/Library/Frameworks/ApplicationServices.framework/Versions/A/Frameworks/ATS.framework/Versions/A/ATS
0x0000000005467000 	/System/Library/Frameworks/ApplicationServices.framework/Versions/A/Frameworks/ColorSync.framework/Versions/A/ColorSync
0x0000000005467000 	/System/Library/Frameworks/ApplicationServices.framework/Versions/A/Frameworks/HIServices.framework/Versions/A/HIServices
0x0000000005467000 	/System/Library/Frameworks/ApplicationServices.framework/Versions/A/Frameworks/LangAnalysis.framework/Versions/A/LangAnalysis
0x0000000005467000 	/System/Library/Frameworks/ApplicationServices.framework/Versions/A/Frameworks/PrintCore.framework/Versions/A/PrintCore
0x0000000005467000 	/System/Library/Frameworks/ApplicationServices.framework/Versions/A/Frameworks/QD.framework/Versions/A/QD
0x0000000005467000 	/System/Library/Frameworks/ApplicationServices.framework/Versions/A/Frameworks/SpeechSynthesis.framework/Versions/A/SpeechSynthesis
0x0000000005467000 	/System/Library/Frameworks/Accelerate.framework/Versions/A/Accelerate
0x0000000005467000 	/System/Library/Frameworks/Accelerate.framework/Versions/A/Frameworks/vImage.framework/Versions/A/vImage
0x0000000005467000 	/System/Library/Frameworks/Accelerate.framework/Versions/A/Frameworks/vecLib.framework/Versions/A/vecLib
0x0000000005467000 	/System/Library/Frameworks/Accelerate.framework/Versions/A/Frameworks/vecLib.framework/Versions/A/libvDSP.dylib
0x0000000005467000 	/System/Library/Frameworks/Accelerate.framework/Versions/A/Frameworks/vecLib.framework/Versions/A/libvMisc.dylib
0x0000000005467000 	/System/Library/Frameworks/Accelerate.framework/Versions/A/Frameworks/vecLib.framework/Versions/A/libLAPACK.dylib
0x0000000005467000 	/System/Library/Frameworks/Accelerate.framework/Versions/A/Frameworks/vecLib.framework/Versions/A/libBLAS.dylib
0x0000000005467000 	/System/Library/Frameworks/Accelerate.framework/Versions/A/Frameworks/vecLib.framework/Versions/A/libLinearAlgebra.dylib
0x0000000005467000 	/System/Library/Frameworks/ApplicationServices.framework/Versions/A/Frameworks/ATS.framework/Versions/A/Resources/libFontParser.dylib
0x0000000005467000 	/System/Library/Frameworks/ApplicationServices.framework/Versions/A/Frameworks/ATS.framework/Versions/A/Resources/libFontRegistry.dylib
0x0000000005467000 	/System/Library/PrivateFrameworks/AppleVPA.framework/Versions/A/AppleVPA
0x0000000005467000 	/System/Library/PrivateFrameworks/AppleJPEG.framework/Versions/A/AppleJPEG
0x0000000005467000 	/System/Library/Frameworks/ImageIO.framework/Versions/A/Resources/libJPEG.dylib
0x0000000005467000 	/System/Library/Frameworks/ImageIO.framework/Versions/A/Resources/libTIFF.dylib
0x0000000005467000 	/System/Library/Frameworks/ImageIO.framework/Versions/A/Resources/libPng.dylib
0x0000000005467000 	/System/Library/Frameworks/ImageIO.framework/Versions/A/Resources/libGIF.dylib
0x0000000005467000 	/System/Library/Frameworks/ImageIO.framework/Versions/A/Resources/libJP2.dylib
0x0000000005467000 	/System/Library/Frameworks/ImageIO.framework/Versions/A/Resources/libRadiance.dylib
0x0000000005467000 	/System/Library/Frameworks/CoreVideo.framework/Versions/A/CoreVideo
0x0000000005467000 	/System/Library/Frameworks/OpenGL.framework/Versions/A/Libraries/libGLU.dylib
0x0000000005467000 	/System/Library/Frameworks/OpenGL.framework/Versions/A/Libraries/libGFXShared.dylib
0x0000000005467000 	/System/Library/Frameworks/OpenGL.framework/Versions/A/Libraries/libGL.dylib
0x0000000005467000 	/System/Library/Frameworks/OpenGL.framework/Versions/A/Libraries/libGLImage.dylib
0x0000000005467000 	/System/Library/Frameworks/OpenGL.framework/Versions/A/Libraries/libCVMSPluginSupport.dylib
0x0000000005467000 	/System/Library/Frameworks/OpenGL.framework/Versions/A/Libraries/libCoreVMClient.dylib
0x0000000005467000 	/usr/lib/libcups.2.dylib
0x0000000005467000 	/System/Library/Frameworks/Kerberos.framework/Versions/A/Kerberos
0x0000000005467000 	/System/Library/Frameworks/GSS.framework/Versions/A/GSS
0x0000000005467000 	/usr/lib/libresolv.9.dylib
0x0000000005467000 	/System/Library/PrivateFrameworks/Heimdal.framework/Versions/A/Heimdal
0x0000000005467000 	/usr/lib/libheimdal-asn1.dylib
0x0000000005467000 	/System/Library/Frameworks/OpenDirectory.framework/Versions/A/OpenDirectory
0x0000000005467000 	/System/Library/PrivateFrameworks/CommonAuth.framework/Versions/A/CommonAuth
0x0000000005467000 	/System/Library/Frameworks/SecurityFoundation.framework/Versions/A/SecurityFoundation
0x0000000005467000 	/System/Library/Frameworks/QuartzCore.framework/Versions/A/Frameworks/CoreImage.framework/Versions/A/CoreImage
0x0000000005467000 	/System/Library/PrivateFrameworks/CrashReporterSupport.framework/Versions/A/CrashReporterSupport
0x0000000005467000 	/System/Library/Frameworks/OpenCL.framework/Versions/A/OpenCL
0x0000000005467000 	/System/Library/PrivateFrameworks/FaceCore.framework/Versions/A/FaceCore
0x0000000005467000 	/System/Library/PrivateFrameworks/Ubiquity.framework/Versions/A/Ubiquity
0x0000000005467000 	/System/Library/PrivateFrameworks/IconServices.framework/Versions/A/IconServices
0x0000000005467000 	/System/Library/PrivateFrameworks/ChunkingLibrary.framework/Versions/A/ChunkingLibrary
0x0000000005467000 	/System/Library/PrivateFrameworks/Apple80211.framework/Versions/A/Apple80211
0x0000000005467000 	/System/Library/Frameworks/CoreWLAN.framework/Versions/A/CoreWLAN
0x0000000005467000 	/System/Library/Frameworks/IOBluetooth.framework/Versions/A/IOBluetooth
0x0000000005467000 	/System/Library/PrivateFrameworks/CoreWiFi.framework/Versions/A/CoreWiFi
0x0000000005467000 	/System/Library/Frameworks/CoreBluetooth.framework/Versions/A/CoreBluetooth
0x0000000005467000 	/System/Library/PrivateFrameworks/DebugSymbols.framework/Versions/A/DebugSymbols
0x0000000005467000 	/System/Library/PrivateFrameworks/CoreSymbolication.framework/Versions/A/CoreSymbolication
0x0000000005467000 	/System/Library/PrivateFrameworks/Symbolication.framework/Versions/A/Symbolication
0x0000000005467000 	/System/Library/PrivateFrameworks/SpeechRecognitionCore.framework/Versions/A/SpeechRecognitionCore
0x0000000100a00000 	/Library/Java/JavaVirtualMachines/jdk1.8.0_25.jdk/Contents/Home/jre/lib/server/libjvm.dylib
0x0000000005467000 	/usr/lib/libstdc++.6.dylib
0x0000000100181000 	/Library/Java/JavaVirtualMachines/jdk1.8.0_25.jdk/Contents/Home/jre/lib/libverify.dylib
0x000000010018f000 	/Library/Java/JavaVirtualMachines/jdk1.8.0_25.jdk/Contents/Home/jre/lib/libjava.dylib
0x00000001001cd000 	/Library/Java/JavaVirtualMachines/jdk1.8.0_25.jdk/Contents/Home/jre/lib/libzip.dylib
0x0000000117a6b000 	/System/Library/Frameworks/JavaVM.framework/Frameworks/JavaRuntimeSupport.framework/JavaRuntimeSupport
0x0000000117a83000 	/System/Library/Frameworks/JavaVM.framework/Versions/A/Frameworks/JavaNativeFoundation.framework/Versions/A/JavaNativeFoundation
0x0000000117a98000 	/System/Library/Frameworks/JavaVM.framework/Versions/A/JavaVM
0x0000000005467000 	/System/Library/Frameworks/Carbon.framework/Versions/A/Carbon
0x0000000117aa5000 	/System/Library/PrivateFrameworks/JavaLaunching.framework/Versions/A/JavaLaunching
0x0000000005467000 	/System/Library/Frameworks/Carbon.framework/Versions/A/Frameworks/CommonPanels.framework/Versions/A/CommonPanels
0x0000000005467000 	/System/Library/Frameworks/Carbon.framework/Versions/A/Frameworks/Help.framework/Versions/A/Help
0x0000000005467000 	/System/Library/Frameworks/Carbon.framework/Versions/A/Frameworks/ImageCapture.framework/Versions/A/ImageCapture
0x0000000005467000 	/System/Library/Frameworks/Carbon.framework/Versions/A/Frameworks/OpenScripting.framework/Versions/A/OpenScripting
0x0000000005467000 	/System/Library/Frameworks/Carbon.framework/Versions/A/Frameworks/Print.framework/Versions/A/Print
0x0000000005467000 	/System/Library/Frameworks/Carbon.framework/Versions/A/Frameworks/SecurityHI.framework/Versions/A/SecurityHI
0x0000000119968000 	/private/var/folders/4g/9f_zjmrd3kq_47kfhwmt79x00000gn/T/libgdxbillzo/6d38a68b/libgdx64.dylib
0x00000001199b0000 	/Library/Java/JavaVirtualMachines/jdk1.8.0_25.jdk/Contents/Home/jre/lib/libawt.dylib
0x0000000119a5f000 	/Library/Java/JavaVirtualMachines/jdk1.8.0_25.jdk/Contents/Home/jre/lib/./libmlib_image.dylib
0x0000000119b2b000 	/Library/Java/JavaVirtualMachines/jdk1.8.0_25.jdk/Contents/Home/jre/lib/libawt_lwawt.dylib
0x0000000119bde000 	/Library/Java/JavaVirtualMachines/jdk1.8.0_25.jdk/Contents/Home/jre/lib/./libosxapp.dylib
0x0000000005467000 	/System/Library/Frameworks/ExceptionHandling.framework/Versions/A/ExceptionHandling
0x0000000005467000 	/System/Library/PrivateFrameworks/CoreServicesInternal.framework/Versions/A/CoreServicesInternal
0x0000000005467000 	/System/Library/PrivateFrameworks/CloudDocs.framework/Versions/A/CloudDocs
0x0000000005467000 	/System/Library/PrivateFrameworks/CoreDuet.framework/Versions/A/CoreDuet
0x0000000005467000 	/System/Library/Frameworks/CloudKit.framework/Versions/A/CloudKit
0x0000000005467000 	/System/Library/PrivateFrameworks/ProtocolBuffer.framework/Versions/A/ProtocolBuffer
0x0000000005467000 	/System/Library/PrivateFrameworks/CoreDuetDaemonProtocol.framework/Versions/A/CoreDuetDaemonProtocol
0x0000000005467000 	/System/Library/PrivateFrameworks/CoreDuetDebugLogging.framework/Versions/A/CoreDuetDebugLogging
0x0000000005467000 	/System/Library/Frameworks/CoreLocation.framework/Versions/A/CoreLocation
0x0000000005467000 	/System/Library/Frameworks/Accounts.framework/Versions/A/Accounts
0x0000000005467000 	/System/Library/PrivateFrameworks/ApplePushService.framework/Versions/A/ApplePushService
0x0000000005467000 	/System/Library/PrivateFrameworks/GeoServices.framework/Versions/A/GeoServices
0x0000000005467000 	/System/Library/PrivateFrameworks/OAuth.framework/Versions/A/OAuth
0x0000000005467000 	/System/Library/PrivateFrameworks/CoreDaemon.framework/Versions/B/CoreDaemon
0x0000000005467000 	/usr/lib/libcrypto.0.9.8.dylib
0x0000000005467000 	/System/Library/PrivateFrameworks/AppleSRP.framework/Versions/A/AppleSRP
0x0000000005467000 	/System/Library/PrivateFrameworks/TrustEvaluationAgent.framework/Versions/A/TrustEvaluationAgent
0x0000000005467000 	/System/Library/Frameworks/CoreGraphics.framework/Versions/A/Resources/libCGCMS.A.dylib
0x000000011ba11000 	/System/Library/Frameworks/CoreGraphics.framework/Versions/A/Resources/libRIP.A.dylib
0x0000000005467000 	/System/Library/Frameworks/CoreGraphics.framework/Versions/A/Resources/libCGXType.A.dylib
0x0000000005467000 	/System/Library/Frameworks/OpenCL.framework/Versions/A/Libraries/libcldcpuengine.dylib
0x0000000005467000 	/System/Library/PrivateFrameworks/DiskImages.framework/Versions/A/DiskImages
0x0000000005467000 	/System/Library/Frameworks/DiscRecording.framework/Versions/A/DiscRecording
0x0000000005467000 	/usr/lib/libcsfde.dylib
0x0000000005467000 	/usr/lib/libcurl.4.dylib
0x0000000005467000 	/System/Library/PrivateFrameworks/MediaKit.framework/Versions/A/MediaKit
0x0000000005467000 	/System/Library/PrivateFrameworks/ProtectedCloudStorage.framework/Versions/A/ProtectedCloudStorage
0x0000000005467000 	/usr/lib/libCoreStorage.dylib
0x0000000005467000 	/System/Library/PrivateFrameworks/EFILogin.framework/Versions/A/EFILogin
0x0000000005467000 	/usr/lib/libutil.dylib
0x0000000005467000 	/System/Library/PrivateFrameworks/FindMyDevice.framework/Versions/A/FindMyDevice
0x0000000005467000 	/System/Library/Frameworks/LDAP.framework/Versions/A/LDAP
0x0000000005467000 	/usr/lib/libsasl2.2.dylib
0x000000011c6ef000 	cl_kernels
0x000000011c6f1000 	/System/Library/Frameworks/OpenCL.framework/Versions/A/Libraries/ImageFormats/unorm8_bgra.dylib
0x000000011c6e0000 	cl_kernels
0x0000000005467000 	/System/Library/PrivateFrameworks/FamilyControls.framework/Versions/A/FamilyControls
0x0000000005467000 	/System/Library/PrivateFrameworks/CommerceKit.framework/Versions/A/Frameworks/CommerceCore.framework/Versions/A/CommerceCore
0x0000000005467000 	/System/Library/PrivateFrameworks/SystemAdministration.framework/Versions/A/SystemAdministration
0x0000000005467000 	/System/Library/PrivateFrameworks/AppContainer.framework/Versions/A/AppContainer
0x0000000005467000 	/System/Library/PrivateFrameworks/SecCodeWrapper.framework/Versions/A/SecCodeWrapper
0x0000000005467000 	/System/Library/Frameworks/DirectoryService.framework/Versions/A/DirectoryService
0x0000000005467000 	/System/Library/PrivateFrameworks/LoginUIKit.framework/Versions/A/Frameworks/LoginUICore.framework/Versions/A/LoginUICore
0x0000000005467000 	/usr/lib/libodfde.dylib
0x000000011d8b4000 	/Library/Java/JavaVirtualMachines/jdk1.8.0_25.jdk/Contents/Home/jre/lib/libfontmanager.dylib
0x000000011d91b000 	/private/var/folders/4g/9f_zjmrd3kq_47kfhwmt79x00000gn/T/libgdxbillzo/45614fc1/liblwjgl.dylib
0x000000011bc22000 	/Library/Java/JavaVirtualMachines/jdk1.8.0_25.jdk/Contents/Home/jre/lib/libjawt.dylib
0x000000011d99a000 	/var/folders/4g/9f_zjmrd3kq_47kfhwmt79x00000gn/T/libgdxbillzo/45614fc1/openal.dylib
0x000000011da09000 	/System/Library/Components/CoreAudio.component/Contents/MacOS/CoreAudio
0x000000011bc3a000 	/System/Library/Extensions/AppleHDA.kext/Contents/PlugIns/AppleHDAHALPlugIn.bundle/Contents/MacOS/AppleHDAHALPlugIn
0x0000000005467000 	/System/Library/Frameworks/OpenGL.framework/Versions/A/Resources/GLEngine.bundle/GLEngine
0x0000000005467000 	/System/Library/Frameworks/OpenGL.framework/Versions/A/Libraries/libGLProgrammability.dylib
0x0000000000000000 	/System/Library/Extensions/AppleIntelHD3000GraphicsGLDriver.bundle/Contents/MacOS/AppleIntelHD3000GraphicsGLDriver
0x000000011de70000 	/System/Library/PrivateFrameworks/GPUSupport.framework/Versions/A/Libraries/libGPUSupport.dylib
0x0000000005467000 	/System/Library/Frameworks/OpenGL.framework/Versions/A/Resources/GLRendererFloat.bundle/GLRendererFloat
0x000000011e946000 	/Library/Java/JavaVirtualMachines/jdk1.8.0_25.jdk/Contents/Home/jre/lib/libsunec.dylib
0x000000011e96e000 	/Library/Java/JavaVirtualMachines/jdk1.8.0_25.jdk/Contents/Home/jre/lib/libnet.dylib
0x000000011e985000 	/private/var/folders/4g/9f_zjmrd3kq_47kfhwmt79x00000gn/T/libgdxbillzo/a214b354/libgdx-box2d64.dylib

VM Arguments:
jvm_args: -Dfile.encoding=UTF-8 
java_command: com.killercerealgames.test.desktop.DesktopLauncher
java_class_path (initial): /Users/billzo/git/Engine-Test/desktop/bin:/Users/billzo/git/Engine-Test/core/bin:/Users/billzo/.gradle/caches/modules-2/files-2.1/com.badlogicgames.ashley/ashley/1.3.1/43aed4ac92b8cce24e92a3836eb5ac916026b49f/ashley-1.3.1.jar:/Users/billzo/.gradle/caches/modules-2/files-2.1/com.badlogicgames.box2dlights/box2dlights/1.3/e829c3543ab5a6b3ff818615a8620024f6a14fe0/box2dlights-1.3.jar:/Users/billzo/.gradle/caches/modules-2/files-2.1/com.badlogicgames.gdx/gdx-ai/1.4.0/f7532801d6c1526df4a609341fa145acb9e8eb3a/gdx-ai-1.4.0.jar:/Users/billzo/.gradle/caches/modules-2/files-2.1/com.badlogicgames.gdx/gdx-box2d/1.4.1/9e6453d244896698694a7f3059f15ae509044101/gdx-box2d-1.4.1.jar:/Users/billzo/.gradle/caches/modules-2/files-2.1/com.badlogicgames.gdx/gdx-controllers/1.4.1/70b356b52bac1cb0fd19b530e0e1ddac5776ab21/gdx-controllers-1.4.1.jar:/Users/billzo/.gradle/caches/modules-2/files-2.1/com.badlogicgames.gdx/gdx-freetype/1.4.1/5f54c6af55fa98e8dc469809e952c980e07541a/gdx-freetype-1.4.1.jar:/Users/billzo/.gradle/caches/modules-2/files-2.1/com.badlogicgames.gdx/gdx/1.4.1/df470d263438048af74860ca51fc497c16a0c76a/gdx-1.4.1.jar:/Users/billzo/git/RubeLoader/RubeLoader/bin:/Users/billzo/git/RubeLoader/RubeLoader/libs/gdx-1.1.0.jar:/Users/billzo/git/RubeLoader/RubeLoader/libs/gdx-box2d-1.1.0.jar:/Users/billzo/git/Engine-Test/core/libs/moga/com.bda.controller.jar:/Users/billzo/.gradle/caches/modules-2/files-2.1/com.badlogicgames.gdx/gdx-backend-lwjgl/1.4.1/f31a8b9a0b7955fadf25ff3b77f1824b3927d4ed/gdx-backend-lwjgl-1.4.1.jar:/Users/billzo/.gradle/caches/modules-2/files-2.1/com.badlogicgames.gdx/gdx-box2d-platform/1.4.1/f5d0058176f459375361fadf3a0b3d9f6f852a37/gdx-box2d-platform-1.4.1-natives-desktop.jar:/Users/billzo/.gradle/caches/modules-2/files-2.1/com.badlogicgames.gdx/gdx-controllers-desktop/1.4.1/4a1a3e2e92934fa51374d63fee2021d5df3d6900/gdx-controllers-desktop-1.4.1.jar:/Users/billzo/.gradle/caches/modules-2/files-2.1/com.badlogicgames.gdx/gdx-controllers-platf
Launcher Type: SUN_STANDARD

Environment Variables:
PATH=/usr/bin:/bin:/usr/sbin:/sbin
SHELL=/bin/bash
DISPLAY=/private/tmp/com.apple.launchd.R1TtGV49O5/org.macosforge.xquartz:0

Signal Handlers:
SIGSEGV: [libjvm.dylib+0x579dc7], sa_mask[0]=11111111011111110111111111111111, sa_flags=SA_ONSTACK|SA_RESTART|SA_SIGINFO
SIGBUS: [libjvm.dylib+0x579dc7], sa_mask[0]=11111111011111110111111111111111, sa_flags=SA_RESTART|SA_SIGINFO
SIGFPE: [libjvm.dylib+0x45b030], sa_mask[0]=11111111011111110111111111111111, sa_flags=SA_RESTART|SA_SIGINFO
SIGPIPE: [libjvm.dylib+0x45b030], sa_mask[0]=11111111011111110111111111111111, sa_flags=SA_RESTART|SA_SIGINFO
SIGXFSZ: [libjvm.dylib+0x45b030], sa_mask[0]=11111111011111110111111111111111, sa_flags=SA_RESTART|SA_SIGINFO
SIGILL: [libjvm.dylib+0x45b030], sa_mask[0]=11111111011111110111111111111111, sa_flags=SA_RESTART|SA_SIGINFO
SIGUSR1: SIG_DFL, sa_mask[0]=00000000000000000000000000000000, sa_flags=none
SIGUSR2: [libjvm.dylib+0x45ab4e], sa_mask[0]=00100000000000000000000000000000, sa_flags=SA_RESTART|SA_SIGINFO
SIGHUP: [libjvm.dylib+0x459121], sa_mask[0]=11111111011111110111111111111111, sa_flags=SA_RESTART|SA_SIGINFO
SIGINT: [libjvm.dylib+0x459121], sa_mask[0]=11111111011111110111111111111111, sa_flags=SA_RESTART|SA_SIGINFO
SIGTERM: [libjvm.dylib+0x459121], sa_mask[0]=11111111011111110111111111111111, sa_flags=SA_RESTART|SA_SIGINFO
SIGQUIT: [libjvm.dylib+0x459121], sa_mask[0]=11111111011111110111111111111111, sa_flags=SA_RESTART|SA_SIGINFO


---------------  S Y S T E M  ---------------

OS:Bsduname:Darwin 14.0.0 Darwin Kernel Version 14.0.0: Fri Sep 19 00:26:44 PDT 2014; root:xnu-2782.1.97~2/RELEASE_X86_64 x86_64
rlimit: STACK 8192k, CORE 0k, NPROC 709, NOFILE 10240, AS infinity
load average:1.83 6.85 5.81

CPU:total 4 (2 cores per cpu, 2 threads per core) family 6 model 42 stepping 7, cmov, cx8, fxsr, mmx, sse, sse2, sse3, ssse3, sse4.1, sse4.2, popcnt, avx, aes, clmul, ht, tsc, tscinvbit

Memory: 4k page, physical 8388608k(2148780k free)

/proc/meminfo:


vm_info: Java HotSpot(TM) 64-Bit Server VM (25.25-b02) for bsd-amd64 JRE (1.8.0_25-b17), built on Sep 17 2014 16:56:50 by "java_re" with gcc 4.2.1 (Based on Apple Inc. build 5658) (LLVM build 2336.11.00)

time: Wed Nov 19 14:35:08 2014
elapsed time: 50 seconds (0d 0h 0m 50s)

