#
# A fatal error has been detected by the Java Runtime Environment:
#
#  SIGSEGV (0xb) at pc=0x00007fff8e2a10dd, pid=676, tid=1811
#
# JRE version: Java(TM) SE Runtime Environment (8.0_25-b17) (build 1.8.0_25-b17)
# Java VM: Java HotSpot(TM) 64-Bit Server VM (25.25-b02 mixed mode bsd-amd64 compressed oops)
# Problematic frame:
# C  [libobjc.A.dylib+0x10dd]  objc_msgSend+0x1d
#
# Failed to write core dump. Core dumps have been disabled. To enable core dumping, try "ulimit -c unlimited" before starting Java again
#
# If you would like to submit a bug report, please visit:
#   http://bugreport.sun.com/bugreport/crash.jsp
# The crash happened outside the Java Virtual Machine in native code.
# See problematic frame for where to report the bug.
#

---------------  T H R E A D  ---------------

Current thread (0x00007feaa9909000):  JavaThread "AppKit Thread" daemon [_thread_in_native, id=1811, stack(0x00007fff5b3c2000,0x00007fff5bbc2000)]

siginfo: si_signo: 11 (SIGSEGV), si_code: 1 (SEGV_MAPERR), si_addr: 0x000007feaa86ae68

Registers:
RAX=0x00007feaa86aea30, RBX=0x00007fff5bbbc7a8, RCX=0x0000000000000000, RDX=0x00007feaa846d160
RSP=0x00007fff5bbbc5c8, RBP=0x00007fff5bbbc5d0, RSI=0x00007fff8ffecc54, RDI=0x00007feaa86aea30
R8 =0x00007fff5bbbc5b0, R9 =0x0000000000000060, R10=0x00007fff8ffecc54, R11=0x000007feaa86ae50
R12=0x00007feaa85071f0, R13=0x00000000000f42f0, R14=0x00007feaa845d2c0, R15=0x00007fff5bbbc708
RIP=0x00007fff8e2a10dd, EFLAGS=0x0000000000010206, ERR=0x0000000000000004
  TRAPNO=0x000000000000000e

Top of Stack: (sp=0x00007fff5bbbc5c8)
0x00007fff5bbbc5c8:   00007fff86a3acbc 00007fff5bbbc930
0x00007fff5bbbc5d8:   00007fff8692c1b4 ff80000000001002
0x00007fff5bbbc5e8:   00007fff5bbbc7a0 00007fff5bbbc740
0x00007fff5bbbc5f8:   0000000000000001 00007feaa846b6f0
0x00007fff5bbbc608:   0000000000000900 0000000176152301
0x00007fff5bbbc618:   00007feaa845d2c0 0000000000000000
0x00007fff5bbbc628:   00007fff5bbbc700 0000000000000000
0x00007fff5bbbc638:   00007feaa85a4230 00007fff5bbbc780
0x00007fff5bbbc648:   0000000000000060 00000000000f4300
0x00007fff5bbbc658:   00007feaa846d160 00007feaa8737460
0x00007fff5bbbc668:   00007feaa85071f0 0000000000000001
0x00007fff5bbbc678:   00000000000f42f0 00007feaa85071e0
0x00007fff5bbbc688:   000000000000ffff 00007fff5bbbc7e0
0x00007fff5bbbc698:   0000000000000000 0000000000000000
0x00007fff5bbbc6a8:   0000000000000040 0000000104058000
0x00007fff5bbbc6b8:   0000000000000040 00007fff5bbbc6f0
0x00007fff5bbbc6c8:   00007fff8f42d877 0000000000000040
0x00007fff5bbbc6d8:   0000000000000025 000361038f42d877
0x00007fff5bbbc6e8:   00007feaa8507214 0000000000000000
0x00007fff5bbbc6f8:   00007feaa846b6f0 00007feaa85a42b0
0x00007fff5bbbc708:   00007feaa845d2c0 6ba09b956fc5ddcb
0x00007fff5bbbc718:   00007fff5bbbc928 00007feaa86abef0
0x00007fff5bbbc728:   000000000000002b 000000010405ba00
0x00007fff5bbbc738:   0000000000000000 0000000104058000
0x00007fff5bbbc748:   0000000000000000 0000000000000003
0x00007fff5bbbc758:   000000010405c400 00007fff5bbbc850
0x00007fff5bbbc768:   00007fff8f42e2a2 0000000000000029
0x00007fff5bbbc778:   0000000000000000 0000000000000058
0x00007fff5bbbc788:   0000000000000000 00000000000f42e6
0x00007fff5bbbc798:   000000000000005e 0000000000000000
0x00007fff5bbbc7a8:   00000000000f42f0 00007fff5bbbc824
0x00007fff5bbbc7b8:   0000000000000a00 00000000ffffffff 

Instructions: (pc=0x00007fff8e2a10dd)
0x00007fff8e2a10bd:   00 00 00 48 85 ff 2e 74 7a 40 f6 c7 01 2e 75 7e
0x00007fff8e2a10cd:   49 bb f8 ff ff ff ff 7f 00 00 4c 23 1f 49 89 f2
0x00007fff8e2a10dd:   45 23 53 18 49 c1 e2 04 4d 03 53 10 49 3b 32 75
0x00007fff8e2a10ed:   04 41 ff 62 08 49 83 3a 00 74 6a 4d 3b 53 10 74 

Register to memory mapping:

RAX=0x00007feaa86aea30 is an unknown value
RBX=0x00007fff5bbbc7a8 is pointing into the stack for thread: 0x00007feaa9909000
RCX=0x0000000000000000 is an unknown value
RDX=0x00007feaa846d160 is an unknown value
RSP=0x00007fff5bbbc5c8 is pointing into the stack for thread: 0x00007feaa9909000
RBP=0x00007fff5bbbc5d0 is pointing into the stack for thread: 0x00007feaa9909000
RSI=0x00007fff8ffecc54: -[NSTitlebarContainerView shouldRoundCorners]+0x5c646 in /System/Library/Frameworks/AppKit.framework/Versions/C/AppKit at 0x00007fff8f623000
RDI=0x00007feaa86aea30 is an unknown value
R8 =0x00007fff5bbbc5b0 is pointing into the stack for thread: 0x00007feaa9909000
R9 =0x0000000000000060 is an unknown value
R10=0x00007fff8ffecc54: -[NSTitlebarContainerView shouldRoundCorners]+0x5c646 in /System/Library/Frameworks/AppKit.framework/Versions/C/AppKit at 0x00007fff8f623000
R11=0x000007feaa86ae50 is an unknown value
R12=0x00007feaa85071f0 is an unknown value
R13=0x00000000000f42f0 is an unknown value
R14=0x00007feaa845d2c0 is an unknown value
R15=0x00007fff5bbbc708 is pointing into the stack for thread: 0x00007feaa9909000


Stack: [0x00007fff5b3c2000,0x00007fff5bbc2000],  sp=0x00007fff5bbbc5c8,  free space=8169k
Native frames: (J=compiled Java code, j=interpreted, Vv=VM code, C=native code)
C  [libobjc.A.dylib+0x10dd]  objc_msgSend+0x1d
C  [CoreFoundation+0x101b4]  _CFXNotificationPost+0xc44
C  [Foundation+0x2ea1]  -[NSNotificationCenter postNotificationName:object:userInfo:]+0x42
C  [AppKit+0xddc86]  -[NSSurface _disposeSurface]+0x98
C  [CoreFoundation+0x11ecbc]  __CFNOTIFICATIONCENTER_IS_CALLING_OUT_TO_AN_OBSERVER__+0xc
C  [CoreFoundation+0x101b4]  _CFXNotificationPost+0xc44
C  [Foundation+0x2ea1]  -[NSNotificationCenter postNotificationName:object:userInfo:]+0x42
C  [AppKit+0x23c6a7]  __18-[NSWindow _close]_block_invoke+0x2dc
C  [AppKit+0x23c395]  -[NSWindow _close]+0x16b
C  [liblwjgl.dylib+0x9c4e]  +[MacOSXKeyableWindow destroyWindow]+0xee
C  [Foundation+0x65f4c]  __NSThreadPerformPerform+0x125
C  [CoreFoundation+0x80661]  __CFRUNLOOP_IS_CALLING_OUT_TO_A_SOURCE0_PERFORM_FUNCTION__+0x11
C  [CoreFoundation+0x727ed]  __CFRunLoopDoSources0+0x10d
C  [CoreFoundation+0x71e1f]  __CFRunLoopRun+0x39f
C  [CoreFoundation+0x71838]  CFRunLoopRunSpecific+0x128
C  [HIToolbox+0x2e43f]  RunCurrentEventLoopInMode+0xeb
C  [HIToolbox+0x2e1ba]  ReceiveNextEventCommon+0x1af
C  [HIToolbox+0x2dffb]  _BlockUntilNextEventMatchingListInModeWithFilter+0x47
C  [AppKit+0x24821]  _DPSNextEvent+0x3c4
C  [AppKit+0x23fd0]  -[NSApplication nextEventMatchingMask:untilDate:inMode:dequeue:]+0xc2
C  [libosxapp.dylib+0x242a]  -[NSApplicationAWT nextEventMatchingMask:untilDate:inMode:dequeue:]+0x7c
C  [AppKit+0x17f73]  -[NSApplication run]+0x252
C  [libosxapp.dylib+0x223e]  +[NSApplicationAWT runAWTLoopWithApp:]+0x9c
C  [libawt_lwawt.dylib+0x4494f]  -[AWTStarter starter:]+0x389
C  [Foundation+0x65f4c]  __NSThreadPerformPerform+0x125
C  [CoreFoundation+0x80661]  __CFRUNLOOP_IS_CALLING_OUT_TO_A_SOURCE0_PERFORM_FUNCTION__+0x11
C  [CoreFoundation+0x727ed]  __CFRunLoopDoSources0+0x10d
C  [CoreFoundation+0x71e1f]  __CFRunLoopRun+0x39f
C  [CoreFoundation+0x71838]  CFRunLoopRunSpecific+0x128
C  [java+0x56cc]  CreateExecutionEnvironment+0x367
C  [java+0x165c]  JLI_Launch+0x7a0
C  [java+0x768a]  main+0x65
C  [java+0xeb4]  start+0x34
C  0x0000000000000005


---------------  P R O C E S S  ---------------

Java Threads: ( => current thread )
  0x00007feaa90fa000 JavaThread "DestroyJavaVM" [_thread_blocked, id=4867, stack(0x000000010591d000,0x0000000105a1d000)]
  0x00007feaa99d9800 JavaThread "LWJGL Application" [_thread_in_native, id=62735, stack(0x0000000121cfe000,0x0000000121dfe000)]
  0x00007feaa9917000 JavaThread "AWT-Shutdown" [_thread_blocked, id=28179, stack(0x000000011ef06000,0x000000011f006000)]
=>0x00007feaa9909000 JavaThread "AppKit Thread" daemon [_thread_in_native, id=1811, stack(0x00007fff5b3c2000,0x00007fff5bbc2000)]
  0x00007feaa8835000 JavaThread "Service Thread" daemon [_thread_blocked, id=18179, stack(0x000000011d693000,0x000000011d793000)]
  0x00007feaa8814800 JavaThread "C1 CompilerThread2" daemon [_thread_blocked, id=17667, stack(0x000000011d590000,0x000000011d690000)]
  0x00007feaa8813800 JavaThread "C2 CompilerThread1" daemon [_thread_blocked, id=17155, stack(0x000000011d48d000,0x000000011d58d000)]
  0x00007feaa880f000 JavaThread "C2 CompilerThread0" daemon [_thread_blocked, id=16643, stack(0x000000011d38a000,0x000000011d48a000)]
  0x00007feaa8811000 JavaThread "Signal Dispatcher" daemon [_thread_blocked, id=13331, stack(0x000000011d287000,0x000000011d387000)]
  0x00007feaa9010000 JavaThread "Finalizer" daemon [_thread_blocked, id=11523, stack(0x000000011b941000,0x000000011ba41000)]
  0x00007feaa985a800 JavaThread "Reference Handler" daemon [_thread_blocked, id=11011, stack(0x000000011b83e000,0x000000011b93e000)]

Other Threads:
  0x00007feaa9855800 VMThread [stack: 0x000000011b73b000,0x000000011b83b000] [id=10499]
  0x00007feaa880b000 WatcherThread [stack: 0x000000011d796000,0x000000011d896000] [id=18691]

VM state:not at safepoint (normal execution)

VM Mutex/Monitor currently owned by a thread: None

Heap:
 PSYoungGen      total 38400K, used 23182K [0x0000000795580000, 0x0000000798000000, 0x00000007c0000000)
  eden space 33280K, 69% used [0x0000000795580000,0x0000000796c23ba0,0x0000000797600000)
  from space 5120K, 0% used [0x0000000797b00000,0x0000000797b00000,0x0000000798000000)
  to   space 5120K, 0% used [0x0000000797600000,0x0000000797600000,0x0000000797b00000)
 ParOldGen       total 87552K, used 0K [0x0000000740000000, 0x0000000745580000, 0x0000000795580000)
  object space 87552K, 0% used [0x0000000740000000,0x0000000740000000,0x0000000745580000)
 Metaspace       used 8687K, capacity 8745K, committed 8832K, reserved 1056768K
  class space    used 826K, capacity 853K, committed 896K, reserved 1048576K

Card table byte_map: [0x0000000114ddf000,0x00000001151e0000] byte_map_base: 0x00000001113df000

Marking Bits: (ParMarkBitMap*) 0x000000010529d390
 Begin Bits: [0x0000000115897000, 0x0000000117897000)
 End Bits:   [0x0000000117897000, 0x0000000119897000)

Polling page: 0x0000000104195000

CodeCache: size=245760Kb used=4573Kb max_used=4584Kb free=241186Kb
 bounds [0x0000000105a1f000, 0x0000000105e9f000, 0x0000000114a1f000]
 total_blobs=1660 nmethods=1185 adapters=390
 compilation: enabled

Compilation events (10 events):
Event: 23.538 Thread 0x00007feaa880f000 1181       4       com.badlogic.gdx.graphics.g2d.SpriteBatch::setupMatrices (76 bytes)
Event: 23.551 Thread 0x00007feaa880f000 nmethod 1181 0x0000000105e89990 code [0x0000000105e89bc0, 0x0000000105e8a270]
Event: 23.856 Thread 0x00007feaa8814800 1182       1       sun.nio.cs.UTF_8$Encoder::implReplaceWith (8 bytes)
Event: 23.857 Thread 0x00007feaa8814800 nmethod 1182 0x0000000105e88310 code [0x0000000105e88460, 0x0000000105e88590]
Event: 24.072 Thread 0x00007feaa8814800 1183       1       com.badlogic.gdx.backends.lwjgl.LwjglGraphics::getDeltaTime (5 bytes)
Event: 24.072 Thread 0x00007feaa8814800 nmethod 1183 0x0000000105e896d0 code [0x0000000105e89820, 0x0000000105e89930]
Event: 24.172 Thread 0x00007feaa8813800 1184       4       com.badlogic.gdx.math.Matrix4::set (142 bytes)
Event: 24.174 Thread 0x00007feaa8813800 nmethod 1184 0x0000000105e98f50 code [0x0000000105e990a0, 0x0000000105e991d8]
Event: 25.211 Thread 0x00007feaa880f000 1185       4       java.nio.DirectByteBuffer::put (18 bytes)
Event: 25.213 Thread 0x00007feaa880f000 nmethod 1185 0x0000000105e89410 code [0x0000000105e89560, 0x0000000105e895f8]

GC Heap History (0 events):
No events

Deoptimization events (1 events):
Event: 25.160 Thread 0x00007feaa99d9800 Uncommon trap: reason=unreached action=reinterpret pc=0x0000000105da7110 method=com.badlogic.gdx.utils.Array$ArrayIterable.iterator()Ljava/util/Iterator; @ 4

Internal exceptions (10 events):
Event: 1.063 Thread 0x00007feaa99d9800 Exception <a 'java/security/PrivilegedActionException'> (0x000000079699c900) thrown at [/HUDSON3/workspace/8-2-build-macosx-x86_64/jdk8u25/1514/hotspot/src/share/vm/prims/jvm.cpp, line 1312]
Event: 1.066 Thread 0x00007feaa99d9800 Exception <a 'java/security/PrivilegedActionException'> (0x00000007969a3780) thrown at [/HUDSON3/workspace/8-2-build-macosx-x86_64/jdk8u25/1514/hotspot/src/share/vm/prims/jvm.cpp, line 1312]
Event: 1.079 Thread 0x00007feaa99d9800 Exception <a 'java/security/PrivilegedActionException'> (0x00000007969ab098) thrown at [/HUDSON3/workspace/8-2-build-macosx-x86_64/jdk8u25/1514/hotspot/src/share/vm/prims/jvm.cpp, line 1312]
Event: 1.105 Thread 0x00007feaa99d9800 Exception <a 'java/security/PrivilegedActionException'> (0x00000007969c0380) thrown at [/HUDSON3/workspace/8-2-build-macosx-x86_64/jdk8u25/1514/hotspot/src/share/vm/prims/jvm.cpp, line 1312]
Event: 1.116 Thread 0x00007feaa99d9800 Exception <a 'java/security/PrivilegedActionException'> (0x00000007969cfe58) thrown at [/HUDSON3/workspace/8-2-build-macosx-x86_64/jdk8u25/1514/hotspot/src/share/vm/prims/jvm.cpp, line 1312]
Event: 1.117 Thread 0x00007feaa99d9800 Exception <a 'java/security/PrivilegedActionException'> (0x00000007969d7590) thrown at [/HUDSON3/workspace/8-2-build-macosx-x86_64/jdk8u25/1514/hotspot/src/share/vm/prims/jvm.cpp, line 1312]
Event: 12.246 Thread 0x00007feaa99d9800 Exception <a 'java/security/PrivilegedActionException'> (0x0000000796a722a0) thrown at [/HUDSON3/workspace/8-2-build-macosx-x86_64/jdk8u25/1514/hotspot/src/share/vm/prims/jvm.cpp, line 1312]
Event: 25.159 Thread 0x00007feaa99d9800 Exception <a 'java/security/PrivilegedActionException'> (0x0000000796b91fd0) thrown at [/HUDSON3/workspace/8-2-build-macosx-x86_64/jdk8u25/1514/hotspot/src/share/vm/prims/jvm.cpp, line 1312]
Event: 25.160 Thread 0x00007feaa99d9800 Implicit null exception at 0x0000000105da7090 to 0x0000000105da70fd
Event: 25.209 Thread 0x00007feaa99d9800 Exception <a 'java/security/PrivilegedActionException'> (0x0000000796b99818) thrown at [/HUDSON3/workspace/8-2-build-macosx-x86_64/jdk8u25/1514/hotspot/src/share/vm/prims/jvm.cpp, line 1312]

Events (10 events):
Event: 12.246 loading class com/badlogic/gdx/backends/lwjgl/LwjglInput$KeyEvent done
Event: 18.110 Thread 0x00007feaa99d9800 DEOPT PACKING pc=0x0000000105d768b3 sp=0x0000000121dfd610
Event: 18.110 Thread 0x00007feaa99d9800 DEOPT UNPACKING pc=0x0000000105a66373 sp=0x0000000121dfd3f0 mode 0
Event: 25.159 loading class com/badlogic/gdx/backends/lwjgl/LwjglApplication$2
Event: 25.159 loading class com/badlogic/gdx/backends/lwjgl/LwjglApplication$2 done
Event: 25.160 Thread 0x00007feaa99d9800 Uncommon trap: trap_request=0xffffffad fr.pc=0x0000000105da7110
Event: 25.160 Thread 0x00007feaa99d9800 DEOPT PACKING pc=0x0000000105da7110 sp=0x0000000121dfd790
Event: 25.160 Thread 0x00007feaa99d9800 DEOPT UNPACKING pc=0x0000000105a23f69 sp=0x0000000121dfd750 mode 2
Event: 25.209 loading class org/lwjgl/opengl/CallbackUtil
Event: 25.209 loading class org/lwjgl/opengl/CallbackUtil done


Dynamic libraries:
0x0000000005fd5000 	/System/Library/Frameworks/Cocoa.framework/Versions/A/Cocoa
0x0000000005fd5000 	/System/Library/Frameworks/Security.framework/Versions/A/Security
0x0000000005fd5000 	/System/Library/Frameworks/ApplicationServices.framework/Versions/A/ApplicationServices
0x0000000005fd5000 	/usr/lib/libz.1.dylib
0x0000000005fd5000 	/usr/lib/libSystem.B.dylib
0x0000000005fd5000 	/usr/lib/libobjc.A.dylib
0x0000000005fd5000 	/System/Library/Frameworks/CoreFoundation.framework/Versions/A/CoreFoundation
0x0000000005fd5000 	/System/Library/Frameworks/Foundation.framework/Versions/C/Foundation
0x0000000005fd5000 	/System/Library/Frameworks/AppKit.framework/Versions/C/AppKit
0x0000000005fd5000 	/System/Library/Frameworks/CoreData.framework/Versions/A/CoreData
0x0000000005fd5000 	/System/Library/PrivateFrameworks/RemoteViewServices.framework/Versions/A/RemoteViewServices
0x0000000005fd5000 	/System/Library/PrivateFrameworks/UIFoundation.framework/Versions/A/UIFoundation
0x0000000005fd5000 	/System/Library/Frameworks/IOSurface.framework/Versions/A/IOSurface
0x0000000005fd5000 	/System/Library/Frameworks/AudioToolbox.framework/Versions/A/AudioToolbox
0x0000000005fd5000 	/System/Library/Frameworks/AudioUnit.framework/Versions/A/AudioUnit
0x0000000005fd5000 	/System/Library/PrivateFrameworks/DataDetectorsCore.framework/Versions/A/DataDetectorsCore
0x0000000005fd5000 	/System/Library/PrivateFrameworks/DesktopServicesPriv.framework/Versions/A/DesktopServicesPriv
0x0000000005fd5000 	/System/Library/Frameworks/Carbon.framework/Versions/A/Frameworks/HIToolbox.framework/Versions/A/HIToolbox
0x0000000005fd5000 	/System/Library/Frameworks/QuartzCore.framework/Versions/A/QuartzCore
0x0000000005fd5000 	/System/Library/Frameworks/Carbon.framework/Versions/A/Frameworks/SpeechRecognition.framework/Versions/A/SpeechRecognition
0x0000000005fd5000 	/usr/lib/libauto.dylib
0x0000000005fd5000 	/usr/lib/libicucore.A.dylib
0x0000000005fd5000 	/usr/lib/libxml2.2.dylib
0x0000000005fd5000 	/System/Library/PrivateFrameworks/CoreUI.framework/Versions/A/CoreUI
0x0000000005fd5000 	/System/Library/Frameworks/CoreAudio.framework/Versions/A/CoreAudio
0x0000000005fd5000 	/System/Library/Frameworks/DiskArbitration.framework/Versions/A/DiskArbitration
0x0000000005fd5000 	/usr/lib/liblangid.dylib
0x0000000005fd5000 	/System/Library/PrivateFrameworks/MultitouchSupport.framework/Versions/A/MultitouchSupport
0x0000000005fd5000 	/System/Library/Frameworks/IOKit.framework/Versions/A/IOKit
0x0000000005fd5000 	/usr/lib/libDiagnosticMessagesClient.dylib
0x0000000005fd5000 	/System/Library/Frameworks/CoreServices.framework/Versions/A/CoreServices
0x0000000005fd5000 	/System/Library/PrivateFrameworks/PerformanceAnalysis.framework/Versions/A/PerformanceAnalysis
0x0000000005fd5000 	/System/Library/PrivateFrameworks/GenerationalStorage.framework/Versions/A/GenerationalStorage
0x0000000005fd5000 	/System/Library/Frameworks/OpenGL.framework/Versions/A/OpenGL
0x0000000005fd5000 	/System/Library/PrivateFrameworks/Sharing.framework/Versions/A/Sharing
0x0000000005fd5000 	/System/Library/Frameworks/CoreGraphics.framework/Versions/A/CoreGraphics
0x0000000005fd5000 	/System/Library/Frameworks/CoreText.framework/Versions/A/CoreText
0x0000000005fd5000 	/System/Library/Frameworks/ImageIO.framework/Versions/A/ImageIO
0x0000000005fd5000 	/usr/lib/libextension.dylib
0x0000000005fd5000 	/System/Library/PrivateFrameworks/Backup.framework/Versions/A/Backup
0x0000000005fd5000 	/usr/lib/libarchive.2.dylib
0x0000000005fd5000 	/System/Library/Frameworks/CFNetwork.framework/Versions/A/CFNetwork
0x0000000005fd5000 	/System/Library/Frameworks/SystemConfiguration.framework/Versions/A/SystemConfiguration
0x0000000005fd5000 	/usr/lib/libCRFSuite.dylib
0x0000000005fd5000 	/usr/lib/libc++.1.dylib
0x0000000005fd5000 	/usr/lib/libc++abi.dylib
0x0000000005fd5000 	/usr/lib/system/libcache.dylib
0x0000000005fd5000 	/usr/lib/system/libcommonCrypto.dylib
0x0000000005fd5000 	/usr/lib/system/libcompiler_rt.dylib
0x0000000005fd5000 	/usr/lib/system/libcopyfile.dylib
0x0000000005fd5000 	/usr/lib/system/libcorecrypto.dylib
0x0000000005fd5000 	/usr/lib/system/libdispatch.dylib
0x0000000005fd5000 	/usr/lib/system/libdyld.dylib
0x0000000005fd5000 	/usr/lib/system/libkeymgr.dylib
0x0000000005fd5000 	/usr/lib/system/liblaunch.dylib
0x0000000005fd5000 	/usr/lib/system/libmacho.dylib
0x0000000005fd5000 	/usr/lib/system/libquarantine.dylib
0x0000000005fd5000 	/usr/lib/system/libremovefile.dylib
0x0000000005fd5000 	/usr/lib/system/libsystem_asl.dylib
0x0000000005fd5000 	/usr/lib/system/libsystem_blocks.dylib
0x0000000005fd5000 	/usr/lib/system/libsystem_c.dylib
0x0000000005fd5000 	/usr/lib/system/libsystem_configuration.dylib
0x0000000005fd5000 	/usr/lib/system/libsystem_coreservices.dylib
0x0000000005fd5000 	/usr/lib/system/libsystem_coretls.dylib
0x0000000005fd5000 	/usr/lib/system/libsystem_dnssd.dylib
0x0000000005fd5000 	/usr/lib/system/libsystem_info.dylib
0x0000000005fd5000 	/usr/lib/system/libsystem_kernel.dylib
0x0000000005fd5000 	/usr/lib/system/libsystem_m.dylib
0x0000000005fd5000 	/usr/lib/system/libsystem_malloc.dylib
0x0000000005fd5000 	/usr/lib/system/libsystem_network.dylib
0x0000000005fd5000 	/usr/lib/system/libsystem_networkextension.dylib
0x0000000005fd5000 	/usr/lib/system/libsystem_notify.dylib
0x0000000005fd5000 	/usr/lib/system/libsystem_platform.dylib
0x0000000005fd5000 	/usr/lib/system/libsystem_pthread.dylib
0x0000000005fd5000 	/usr/lib/system/libsystem_sandbox.dylib
0x0000000005fd5000 	/usr/lib/system/libsystem_secinit.dylib
0x0000000005fd5000 	/usr/lib/system/libsystem_stats.dylib
0x0000000005fd5000 	/usr/lib/system/libsystem_trace.dylib
0x0000000005fd5000 	/usr/lib/system/libunc.dylib
0x0000000005fd5000 	/usr/lib/system/libunwind.dylib
0x0000000005fd5000 	/usr/lib/system/libxpc.dylib
0x0000000005fd5000 	/usr/lib/libbz2.1.0.dylib
0x0000000005fd5000 	/usr/lib/liblzma.5.dylib
0x0000000005fd5000 	/usr/lib/libbsm.0.dylib
0x0000000005fd5000 	/usr/lib/libsqlite3.dylib
0x0000000005fd5000 	/usr/lib/system/libkxld.dylib
0x0000000005fd5000 	/usr/lib/libxar.1.dylib
0x0000000005fd5000 	/usr/lib/libpam.2.dylib
0x0000000005fd5000 	/usr/lib/libOpenScriptingUtil.dylib
0x0000000005fd5000 	/System/Library/Frameworks/CoreServices.framework/Versions/A/Frameworks/FSEvents.framework/Versions/A/FSEvents
0x0000000005fd5000 	/System/Library/Frameworks/CoreServices.framework/Versions/A/Frameworks/CarbonCore.framework/Versions/A/CarbonCore
0x0000000005fd5000 	/System/Library/Frameworks/CoreServices.framework/Versions/A/Frameworks/Metadata.framework/Versions/A/Metadata
0x0000000005fd5000 	/System/Library/Frameworks/CoreServices.framework/Versions/A/Frameworks/OSServices.framework/Versions/A/OSServices
0x0000000005fd5000 	/System/Library/Frameworks/CoreServices.framework/Versions/A/Frameworks/SearchKit.framework/Versions/A/SearchKit
0x0000000005fd5000 	/System/Library/Frameworks/CoreServices.framework/Versions/A/Frameworks/AE.framework/Versions/A/AE
0x0000000005fd5000 	/System/Library/Frameworks/CoreServices.framework/Versions/A/Frameworks/LaunchServices.framework/Versions/A/LaunchServices
0x0000000005fd5000 	/System/Library/Frameworks/CoreServices.framework/Versions/A/Frameworks/DictionaryServices.framework/Versions/A/DictionaryServices
0x0000000005fd5000 	/System/Library/Frameworks/NetFS.framework/Versions/A/NetFS
0x0000000005fd5000 	/System/Library/PrivateFrameworks/NetAuth.framework/Versions/A/NetAuth
0x0000000005fd5000 	/System/Library/PrivateFrameworks/login.framework/Versions/A/Frameworks/loginsupport.framework/Versions/A/loginsupport
0x0000000005fd5000 	/System/Library/PrivateFrameworks/TCC.framework/Versions/A/TCC
0x0000000005fd5000 	/usr/lib/libmecabra.dylib
0x0000000005fd5000 	/System/Library/PrivateFrameworks/LanguageModeling.framework/Versions/A/LanguageModeling
0x0000000005fd5000 	/usr/lib/libcmph.dylib
0x0000000005fd5000 	/usr/lib/libiconv.2.dylib
0x0000000005fd5000 	/System/Library/Frameworks/OpenDirectory.framework/Versions/A/Frameworks/CFOpenDirectory.framework/Versions/A/CFOpenDirectory
0x0000000005fd5000 	/System/Library/Frameworks/ServiceManagement.framework/Versions/A/ServiceManagement
0x0000000005fd5000 	/usr/lib/libxslt.1.dylib
0x0000000005fd5000 	/System/Library/Frameworks/Carbon.framework/Versions/A/Frameworks/Ink.framework/Versions/A/Ink
0x0000000005fd5000 	/System/Library/Frameworks/ApplicationServices.framework/Versions/A/Frameworks/ATS.framework/Versions/A/ATS
0x0000000005fd5000 	/System/Library/Frameworks/ApplicationServices.framework/Versions/A/Frameworks/ColorSync.framework/Versions/A/ColorSync
0x0000000005fd5000 	/System/Library/Frameworks/ApplicationServices.framework/Versions/A/Frameworks/HIServices.framework/Versions/A/HIServices
0x0000000005fd5000 	/System/Library/Frameworks/ApplicationServices.framework/Versions/A/Frameworks/LangAnalysis.framework/Versions/A/LangAnalysis
0x0000000005fd5000 	/System/Library/Frameworks/ApplicationServices.framework/Versions/A/Frameworks/PrintCore.framework/Versions/A/PrintCore
0x0000000005fd5000 	/System/Library/Frameworks/ApplicationServices.framework/Versions/A/Frameworks/QD.framework/Versions/A/QD
0x0000000005fd5000 	/System/Library/Frameworks/ApplicationServices.framework/Versions/A/Frameworks/SpeechSynthesis.framework/Versions/A/SpeechSynthesis
0x0000000005fd5000 	/System/Library/Frameworks/Accelerate.framework/Versions/A/Accelerate
0x0000000005fd5000 	/System/Library/Frameworks/Accelerate.framework/Versions/A/Frameworks/vImage.framework/Versions/A/vImage
0x0000000005fd5000 	/System/Library/Frameworks/Accelerate.framework/Versions/A/Frameworks/vecLib.framework/Versions/A/vecLib
0x0000000005fd5000 	/System/Library/Frameworks/Accelerate.framework/Versions/A/Frameworks/vecLib.framework/Versions/A/libvDSP.dylib
0x0000000005fd5000 	/System/Library/Frameworks/Accelerate.framework/Versions/A/Frameworks/vecLib.framework/Versions/A/libvMisc.dylib
0x0000000005fd5000 	/System/Library/Frameworks/Accelerate.framework/Versions/A/Frameworks/vecLib.framework/Versions/A/libLAPACK.dylib
0x0000000005fd5000 	/System/Library/Frameworks/Accelerate.framework/Versions/A/Frameworks/vecLib.framework/Versions/A/libBLAS.dylib
0x0000000005fd5000 	/System/Library/Frameworks/Accelerate.framework/Versions/A/Frameworks/vecLib.framework/Versions/A/libLinearAlgebra.dylib
0x0000000005fd5000 	/System/Library/Frameworks/ApplicationServices.framework/Versions/A/Frameworks/ATS.framework/Versions/A/Resources/libFontParser.dylib
0x0000000005fd5000 	/System/Library/Frameworks/ApplicationServices.framework/Versions/A/Frameworks/ATS.framework/Versions/A/Resources/libFontRegistry.dylib
0x0000000005fd5000 	/System/Library/PrivateFrameworks/AppleVPA.framework/Versions/A/AppleVPA
0x0000000005fd5000 	/System/Library/PrivateFrameworks/AppleJPEG.framework/Versions/A/AppleJPEG
0x0000000005fd5000 	/System/Library/Frameworks/ImageIO.framework/Versions/A/Resources/libJPEG.dylib
0x0000000005fd5000 	/System/Library/Frameworks/ImageIO.framework/Versions/A/Resources/libTIFF.dylib
0x0000000005fd5000 	/System/Library/Frameworks/ImageIO.framework/Versions/A/Resources/libPng.dylib
0x0000000005fd5000 	/System/Library/Frameworks/ImageIO.framework/Versions/A/Resources/libGIF.dylib
0x0000000005fd5000 	/System/Library/Frameworks/ImageIO.framework/Versions/A/Resources/libJP2.dylib
0x0000000005fd5000 	/System/Library/Frameworks/ImageIO.framework/Versions/A/Resources/libRadiance.dylib
0x0000000005fd5000 	/System/Library/Frameworks/CoreVideo.framework/Versions/A/CoreVideo
0x0000000005fd5000 	/System/Library/Frameworks/OpenGL.framework/Versions/A/Libraries/libGLU.dylib
0x0000000005fd5000 	/System/Library/Frameworks/OpenGL.framework/Versions/A/Libraries/libGFXShared.dylib
0x0000000005fd5000 	/System/Library/Frameworks/OpenGL.framework/Versions/A/Libraries/libGL.dylib
0x0000000005fd5000 	/System/Library/Frameworks/OpenGL.framework/Versions/A/Libraries/libGLImage.dylib
0x0000000005fd5000 	/System/Library/Frameworks/OpenGL.framework/Versions/A/Libraries/libCVMSPluginSupport.dylib
0x0000000005fd5000 	/System/Library/Frameworks/OpenGL.framework/Versions/A/Libraries/libCoreVMClient.dylib
0x0000000005fd5000 	/usr/lib/libcups.2.dylib
0x0000000005fd5000 	/System/Library/Frameworks/Kerberos.framework/Versions/A/Kerberos
0x0000000005fd5000 	/System/Library/Frameworks/GSS.framework/Versions/A/GSS
0x0000000005fd5000 	/usr/lib/libresolv.9.dylib
0x0000000005fd5000 	/System/Library/PrivateFrameworks/Heimdal.framework/Versions/A/Heimdal
0x0000000005fd5000 	/usr/lib/libheimdal-asn1.dylib
0x0000000005fd5000 	/System/Library/Frameworks/OpenDirectory.framework/Versions/A/OpenDirectory
0x0000000005fd5000 	/System/Library/PrivateFrameworks/CommonAuth.framework/Versions/A/CommonAuth
0x0000000005fd5000 	/System/Library/Frameworks/SecurityFoundation.framework/Versions/A/SecurityFoundation
0x0000000005fd5000 	/System/Library/Frameworks/QuartzCore.framework/Versions/A/Frameworks/CoreImage.framework/Versions/A/CoreImage
0x0000000005fd5000 	/System/Library/PrivateFrameworks/CrashReporterSupport.framework/Versions/A/CrashReporterSupport
0x0000000005fd5000 	/System/Library/Frameworks/OpenCL.framework/Versions/A/OpenCL
0x0000000005fd5000 	/System/Library/PrivateFrameworks/FaceCore.framework/Versions/A/FaceCore
0x0000000005fd5000 	/System/Library/PrivateFrameworks/Ubiquity.framework/Versions/A/Ubiquity
0x0000000005fd5000 	/System/Library/PrivateFrameworks/IconServices.framework/Versions/A/IconServices
0x0000000005fd5000 	/System/Library/PrivateFrameworks/ChunkingLibrary.framework/Versions/A/ChunkingLibrary
0x0000000005fd5000 	/System/Library/PrivateFrameworks/Apple80211.framework/Versions/A/Apple80211
0x0000000005fd5000 	/System/Library/Frameworks/CoreWLAN.framework/Versions/A/CoreWLAN
0x0000000005fd5000 	/System/Library/Frameworks/IOBluetooth.framework/Versions/A/IOBluetooth
0x0000000005fd5000 	/System/Library/PrivateFrameworks/CoreWiFi.framework/Versions/A/CoreWiFi
0x0000000005fd5000 	/System/Library/Frameworks/CoreBluetooth.framework/Versions/A/CoreBluetooth
0x0000000005fd5000 	/System/Library/PrivateFrameworks/DebugSymbols.framework/Versions/A/DebugSymbols
0x0000000005fd5000 	/System/Library/PrivateFrameworks/CoreSymbolication.framework/Versions/A/CoreSymbolication
0x0000000005fd5000 	/System/Library/PrivateFrameworks/Symbolication.framework/Versions/A/Symbolication
0x0000000005fd5000 	/System/Library/PrivateFrameworks/SpeechRecognitionCore.framework/Versions/A/SpeechRecognitionCore
0x0000000104a00000 	/Library/Java/JavaVirtualMachines/jdk1.8.0_25.jdk/Contents/Home/jre/lib/server/libjvm.dylib
0x0000000005fd5000 	/usr/lib/libstdc++.6.dylib
0x0000000104153000 	/Library/Java/JavaVirtualMachines/jdk1.8.0_25.jdk/Contents/Home/jre/lib/libverify.dylib
0x0000000104161000 	/Library/Java/JavaVirtualMachines/jdk1.8.0_25.jdk/Contents/Home/jre/lib/libjava.dylib
0x000000010419f000 	/Library/Java/JavaVirtualMachines/jdk1.8.0_25.jdk/Contents/Home/jre/lib/libzip.dylib
0x000000011ba43000 	/System/Library/Frameworks/JavaVM.framework/Frameworks/JavaRuntimeSupport.framework/JavaRuntimeSupport
0x000000011ba5b000 	/System/Library/Frameworks/JavaVM.framework/Versions/A/Frameworks/JavaNativeFoundation.framework/Versions/A/JavaNativeFoundation
0x000000011ba70000 	/System/Library/Frameworks/JavaVM.framework/Versions/A/JavaVM
0x0000000005fd5000 	/System/Library/Frameworks/Carbon.framework/Versions/A/Carbon
0x000000011ba7d000 	/System/Library/PrivateFrameworks/JavaLaunching.framework/Versions/A/JavaLaunching
0x0000000005fd5000 	/System/Library/Frameworks/Carbon.framework/Versions/A/Frameworks/CommonPanels.framework/Versions/A/CommonPanels
0x0000000005fd5000 	/System/Library/Frameworks/Carbon.framework/Versions/A/Frameworks/Help.framework/Versions/A/Help
0x0000000005fd5000 	/System/Library/Frameworks/Carbon.framework/Versions/A/Frameworks/ImageCapture.framework/Versions/A/ImageCapture
0x0000000005fd5000 	/System/Library/Frameworks/Carbon.framework/Versions/A/Frameworks/OpenScripting.framework/Versions/A/OpenScripting
0x0000000005fd5000 	/System/Library/Frameworks/Carbon.framework/Versions/A/Frameworks/Print.framework/Versions/A/Print
0x0000000005fd5000 	/System/Library/Frameworks/Carbon.framework/Versions/A/Frameworks/SecurityHI.framework/Versions/A/SecurityHI
0x000000011d938000 	/private/var/folders/4g/9f_zjmrd3kq_47kfhwmt79x00000gn/T/libgdxbillzo/6d38a68b/libgdx64.dylib
0x000000011d980000 	/Library/Java/JavaVirtualMachines/jdk1.8.0_25.jdk/Contents/Home/jre/lib/libawt.dylib
0x000000011da2f000 	/Library/Java/JavaVirtualMachines/jdk1.8.0_25.jdk/Contents/Home/jre/lib/./libmlib_image.dylib
0x000000011dafb000 	/Library/Java/JavaVirtualMachines/jdk1.8.0_25.jdk/Contents/Home/jre/lib/libawt_lwawt.dylib
0x000000011dbae000 	/Library/Java/JavaVirtualMachines/jdk1.8.0_25.jdk/Contents/Home/jre/lib/./libosxapp.dylib
0x0000000005fd5000 	/System/Library/Frameworks/ExceptionHandling.framework/Versions/A/ExceptionHandling
0x0000000005fd5000 	/System/Library/PrivateFrameworks/CoreServicesInternal.framework/Versions/A/CoreServicesInternal
0x0000000005fd5000 	/System/Library/PrivateFrameworks/CloudDocs.framework/Versions/A/CloudDocs
0x0000000005fd5000 	/System/Library/PrivateFrameworks/CoreDuet.framework/Versions/A/CoreDuet
0x0000000005fd5000 	/System/Library/Frameworks/CloudKit.framework/Versions/A/CloudKit
0x0000000005fd5000 	/System/Library/PrivateFrameworks/ProtocolBuffer.framework/Versions/A/ProtocolBuffer
0x0000000005fd5000 	/System/Library/PrivateFrameworks/CoreDuetDaemonProtocol.framework/Versions/A/CoreDuetDaemonProtocol
0x0000000005fd5000 	/System/Library/PrivateFrameworks/CoreDuetDebugLogging.framework/Versions/A/CoreDuetDebugLogging
0x0000000005fd5000 	/System/Library/Frameworks/CoreLocation.framework/Versions/A/CoreLocation
0x0000000005fd5000 	/System/Library/Frameworks/Accounts.framework/Versions/A/Accounts
0x0000000005fd5000 	/System/Library/PrivateFrameworks/ApplePushService.framework/Versions/A/ApplePushService
0x0000000005fd5000 	/System/Library/PrivateFrameworks/GeoServices.framework/Versions/A/GeoServices
0x0000000005fd5000 	/System/Library/PrivateFrameworks/OAuth.framework/Versions/A/OAuth
0x0000000005fd5000 	/System/Library/PrivateFrameworks/CoreDaemon.framework/Versions/B/CoreDaemon
0x0000000005fd5000 	/usr/lib/libcrypto.0.9.8.dylib
0x0000000005fd5000 	/System/Library/PrivateFrameworks/AppleSRP.framework/Versions/A/AppleSRP
0x0000000005fd5000 	/System/Library/PrivateFrameworks/TrustEvaluationAgent.framework/Versions/A/TrustEvaluationAgent
0x0000000005fd5000 	/System/Library/Frameworks/CoreGraphics.framework/Versions/A/Resources/libCGCMS.A.dylib
0x0000000005fd5000 	/System/Library/Frameworks/CoreGraphics.framework/Versions/A/Resources/libRIP.A.dylib
0x0000000005fd5000 	/System/Library/Frameworks/CoreGraphics.framework/Versions/A/Resources/libCGXType.A.dylib
0x0000000005fd5000 	/System/Library/Frameworks/OpenCL.framework/Versions/A/Libraries/libcldcpuengine.dylib
0x0000000005fd5000 	/System/Library/PrivateFrameworks/DiskImages.framework/Versions/A/DiskImages
0x0000000005fd5000 	/System/Library/Frameworks/DiscRecording.framework/Versions/A/DiscRecording
0x0000000005fd5000 	/usr/lib/libcsfde.dylib
0x0000000005fd5000 	/usr/lib/libcurl.4.dylib
0x0000000005fd5000 	/System/Library/PrivateFrameworks/MediaKit.framework/Versions/A/MediaKit
0x0000000005fd5000 	/System/Library/PrivateFrameworks/ProtectedCloudStorage.framework/Versions/A/ProtectedCloudStorage
0x0000000005fd5000 	/usr/lib/libCoreStorage.dylib
0x0000000005fd5000 	/System/Library/PrivateFrameworks/EFILogin.framework/Versions/A/EFILogin
0x0000000005fd5000 	/usr/lib/libutil.dylib
0x0000000005fd5000 	/System/Library/PrivateFrameworks/FindMyDevice.framework/Versions/A/FindMyDevice
0x0000000005fd5000 	/System/Library/Frameworks/LDAP.framework/Versions/A/LDAP
0x0000000005fd5000 	/usr/lib/libsasl2.2.dylib
0x000000012067f000 	cl_kernels
0x0000000120681000 	/System/Library/Frameworks/OpenCL.framework/Versions/A/Libraries/ImageFormats/unorm8_bgra.dylib
0x0000000120670000 	cl_kernels
0x0000000005fd5000 	/System/Library/PrivateFrameworks/FamilyControls.framework/Versions/A/FamilyControls
0x0000000005fd5000 	/System/Library/PrivateFrameworks/CommerceKit.framework/Versions/A/Frameworks/CommerceCore.framework/Versions/A/CommerceCore
0x0000000005fd5000 	/System/Library/PrivateFrameworks/SystemAdministration.framework/Versions/A/SystemAdministration
0x0000000005fd5000 	/System/Library/PrivateFrameworks/AppContainer.framework/Versions/A/AppContainer
0x0000000005fd5000 	/System/Library/PrivateFrameworks/SecCodeWrapper.framework/Versions/A/SecCodeWrapper
0x0000000005fd5000 	/System/Library/Frameworks/DirectoryService.framework/Versions/A/DirectoryService
0x0000000005fd5000 	/System/Library/PrivateFrameworks/LoginUIKit.framework/Versions/A/Frameworks/LoginUICore.framework/Versions/A/LoginUICore
0x0000000005fd5000 	/usr/lib/libodfde.dylib
0x0000000121844000 	/Library/Java/JavaVirtualMachines/jdk1.8.0_25.jdk/Contents/Home/jre/lib/libfontmanager.dylib
0x00000001218ab000 	/private/var/folders/4g/9f_zjmrd3kq_47kfhwmt79x00000gn/T/libgdxbillzo/45614fc1/liblwjgl.dylib
0x000000011fbb2000 	/Library/Java/JavaVirtualMachines/jdk1.8.0_25.jdk/Contents/Home/jre/lib/libjawt.dylib
0x000000012192a000 	/var/folders/4g/9f_zjmrd3kq_47kfhwmt79x00000gn/T/libgdxbillzo/45614fc1/openal.dylib
0x0000000121999000 	/System/Library/Components/CoreAudio.component/Contents/MacOS/CoreAudio
0x000000011fbca000 	/System/Library/Extensions/AppleHDA.kext/Contents/PlugIns/AppleHDAHALPlugIn.bundle/Contents/MacOS/AppleHDAHALPlugIn
0x0000000005fd5000 	/System/Library/Frameworks/OpenGL.framework/Versions/A/Resources/GLEngine.bundle/GLEngine
0x0000000005fd5000 	/System/Library/Frameworks/OpenGL.framework/Versions/A/Libraries/libGLProgrammability.dylib
0x0000000000000000 	/System/Library/Extensions/AppleIntelHD3000GraphicsGLDriver.bundle/Contents/MacOS/AppleIntelHD3000GraphicsGLDriver
0x0000000121e00000 	/System/Library/PrivateFrameworks/GPUSupport.framework/Versions/A/Libraries/libGPUSupport.dylib
0x0000000005fd5000 	/System/Library/Frameworks/OpenGL.framework/Versions/A/Resources/GLRendererFloat.bundle/GLRendererFloat
0x0000000122751000 	/private/var/folders/4g/9f_zjmrd3kq_47kfhwmt79x00000gn/T/libgdxbillzo/a214b354/libgdx-box2d64.dylib

VM Arguments:
jvm_args: -Dfile.encoding=UTF-8 
java_command: com.killercerealgames.test.desktop.DesktopLauncher
java_class_path (initial): /Users/billzo/git/Engine-Test/desktop/bin:/Users/billzo/git/Engine-Test/core/bin:/Users/billzo/.gradle/caches/modules-2/files-2.1/com.badlogicgames.ashley/ashley/1.3.1/43aed4ac92b8cce24e92a3836eb5ac916026b49f/ashley-1.3.1.jar:/Users/billzo/.gradle/caches/modules-2/files-2.1/com.badlogicgames.box2dlights/box2dlights/1.3/e829c3543ab5a6b3ff818615a8620024f6a14fe0/box2dlights-1.3.jar:/Users/billzo/.gradle/caches/modules-2/files-2.1/com.badlogicgames.gdx/gdx-ai/1.4.0/f7532801d6c1526df4a609341fa145acb9e8eb3a/gdx-ai-1.4.0.jar:/Users/billzo/.gradle/caches/modules-2/files-2.1/com.badlogicgames.gdx/gdx-box2d/1.4.1/9e6453d244896698694a7f3059f15ae509044101/gdx-box2d-1.4.1.jar:/Users/billzo/.gradle/caches/modules-2/files-2.1/com.badlogicgames.gdx/gdx-controllers/1.4.1/70b356b52bac1cb0fd19b530e0e1ddac5776ab21/gdx-controllers-1.4.1.jar:/Users/billzo/.gradle/caches/modules-2/files-2.1/com.badlogicgames.gdx/gdx-freetype/1.4.1/5f54c6af55fa98e8dc469809e952c980e07541a/gdx-freetype-1.4.1.jar:/Users/billzo/.gradle/caches/modules-2/files-2.1/com.badlogicgames.gdx/gdx/1.4.1/df470d263438048af74860ca51fc497c16a0c76a/gdx-1.4.1.jar:/Users/billzo/git/RubeLoader/RubeLoader/bin:/Users/billzo/git/RubeLoader/RubeLoader/libs/gdx-1.1.0.jar:/Users/billzo/git/RubeLoader/RubeLoader/libs/gdx-box2d-1.1.0.jar:/Users/billzo/.gradle/caches/modules-2/files-2.1/com.badlogicgames.gdx/gdx-backend-lwjgl/1.4.1/f31a8b9a0b7955fadf25ff3b77f1824b3927d4ed/gdx-backend-lwjgl-1.4.1.jar:/Users/billzo/.gradle/caches/modules-2/files-2.1/com.badlogicgames.gdx/gdx-box2d-platform/1.4.1/f5d0058176f459375361fadf3a0b3d9f6f852a37/gdx-box2d-platform-1.4.1-natives-desktop.jar:/Users/billzo/.gradle/caches/modules-2/files-2.1/com.badlogicgames.gdx/gdx-controllers-desktop/1.4.1/4a1a3e2e92934fa51374d63fee2021d5df3d6900/gdx-controllers-desktop-1.4.1.jar:/Users/billzo/.gradle/caches/modules-2/files-2.1/com.badlogicgames.gdx/gdx-controllers-platform/1.4.1/247bec46796040579a639ef3d4851cb24f0dfe62/gdx-controllers-p
Launcher Type: SUN_STANDARD

Environment Variables:
PATH=/usr/bin:/bin:/usr/sbin:/sbin
SHELL=/bin/bash
DISPLAY=/private/tmp/com.apple.launchd.MmwqlXgFlx/org.macosforge.xquartz:0

Signal Handlers:
SIGSEGV: [libjvm.dylib+0x579dc7], sa_mask[0]=11111111011111110111111111111111, sa_flags=SA_ONSTACK|SA_RESTART|SA_SIGINFO
SIGBUS: [libjvm.dylib+0x579dc7], sa_mask[0]=11111111011111110111111111111111, sa_flags=SA_RESTART|SA_SIGINFO
SIGFPE: [libjvm.dylib+0x45b030], sa_mask[0]=11111111011111110111111111111111, sa_flags=SA_RESTART|SA_SIGINFO
SIGPIPE: [libjvm.dylib+0x45b030], sa_mask[0]=11111111011111110111111111111111, sa_flags=SA_RESTART|SA_SIGINFO
SIGXFSZ: [libjvm.dylib+0x45b030], sa_mask[0]=11111111011111110111111111111111, sa_flags=SA_RESTART|SA_SIGINFO
SIGILL: [libjvm.dylib+0x45b030], sa_mask[0]=11111111011111110111111111111111, sa_flags=SA_RESTART|SA_SIGINFO
SIGUSR1: SIG_DFL, sa_mask[0]=00000000000000000000000000000000, sa_flags=none
SIGUSR2: [libjvm.dylib+0x45ab4e], sa_mask[0]=00100000000000000000000000000000, sa_flags=SA_RESTART|SA_SIGINFO
SIGHUP: [libjvm.dylib+0x459121], sa_mask[0]=11111111011111110111111111111111, sa_flags=SA_RESTART|SA_SIGINFO
SIGINT: [libjvm.dylib+0x459121], sa_mask[0]=11111111011111110111111111111111, sa_flags=SA_RESTART|SA_SIGINFO
SIGTERM: [libjvm.dylib+0x459121], sa_mask[0]=11111111011111110111111111111111, sa_flags=SA_RESTART|SA_SIGINFO
SIGQUIT: [libjvm.dylib+0x459121], sa_mask[0]=11111111011111110111111111111111, sa_flags=SA_RESTART|SA_SIGINFO


---------------  S Y S T E M  ---------------

OS:Bsduname:Darwin 14.0.0 Darwin Kernel Version 14.0.0: Fri Sep 19 00:26:44 PDT 2014; root:xnu-2782.1.97~2/RELEASE_X86_64 x86_64
rlimit: STACK 8192k, CORE 0k, NPROC 709, NOFILE 10240, AS infinity
load average:1.50 4.63 4.51

CPU:total 4 (2 cores per cpu, 2 threads per core) family 6 model 42 stepping 7, cmov, cx8, fxsr, mmx, sse, sse2, sse3, ssse3, sse4.1, sse4.2, popcnt, avx, aes, clmul, ht, tsc, tscinvbit

Memory: 4k page, physical 8388608k(4165896k free)

/proc/meminfo:


vm_info: Java HotSpot(TM) 64-Bit Server VM (25.25-b02) for bsd-amd64 JRE (1.8.0_25-b17), built on Sep 17 2014 16:56:50 by "java_re" with gcc 4.2.1 (Based on Apple Inc. build 5658) (LLVM build 2336.11.00)

time: Sun Nov 16 17:12:30 2014
elapsed time: 25 seconds (0d 0h 0m 25s)

